SF:lib/src/data/models/preferences/app_theme.dart
DA:389,1
DA:412,2
DA:413,1
DA:414,1
DA:415,1
DA:416,1
DA:417,1
DA:418,1
DA:419,1
DA:420,1
DA:421,1
DA:422,1
DA:423,1
DA:424,1
DA:425,1
DA:426,1
DA:427,1
DA:428,1
DA:429,1
DA:430,1
DA:431,1
DA:432,1
DA:435,2
DA:436,1
DA:437,1
DA:438,1
DA:439,1
DA:440,1
DA:441,1
DA:442,1
DA:443,1
DA:444,1
DA:445,1
DA:446,1
DA:447,1
DA:448,1
DA:449,1
DA:450,1
DA:451,1
DA:452,1
DA:453,1
DA:454,1
DA:455,1
DA:464,1
DA:470,2
DA:471,1
DA:472,1
DA:473,1
DA:476,0
DA:477,0
DA:478,0
DA:479,0
DA:489,1
DA:496,2
DA:497,1
DA:498,1
DA:499,1
DA:500,1
DA:503,0
DA:504,0
DA:505,0
DA:506,0
DA:507,0
DA:514,1
DA:518,2
DA:519,1
DA:522,0
DA:523,0
DA:532,1
DA:538,2
DA:539,1
DA:540,1
DA:541,1
DA:544,0
DA:545,0
DA:546,0
DA:547,0
DA:554,1
DA:558,2
DA:559,1
DA:562,0
DA:563,0
DA:570,1
DA:574,2
DA:575,1
DA:578,0
DA:579,0
DA:587,1
DA:592,2
DA:593,1
DA:594,1
DA:597,0
DA:598,0
DA:599,0
DA:607,1
DA:612,2
DA:613,1
DA:614,1
DA:617,0
DA:618,0
DA:619,0
DA:627,1
DA:632,2
DA:633,1
DA:634,1
DA:637,0
DA:638,0
DA:639,0
DA:647,1
DA:652,2
DA:653,1
DA:654,1
DA:657,0
DA:658,0
DA:659,0
DA:672,1
DA:682,2
DA:683,1
DA:684,1
DA:685,1
DA:686,1
DA:687,1
DA:688,1
DA:689,1
DA:692,0
DA:693,0
DA:694,0
DA:695,0
DA:696,0
DA:697,0
DA:698,0
DA:699,0
DA:709,1
DA:716,2
DA:717,1
DA:718,1
DA:719,1
DA:720,1
DA:723,0
DA:724,0
DA:725,0
DA:726,0
DA:727,0
DA:736,1
DA:742,2
DA:743,1
DA:744,1
DA:745,1
DA:748,0
DA:749,0
DA:750,0
DA:751,0
DA:758,1
DA:762,2
DA:763,1
DA:766,0
DA:767,0
DA:774,1
DA:778,2
DA:779,1
DA:782,0
DA:783,0
LF:162
LH:110
end_of_record
SF:lib/src/data/models/preferences/user_preference.dart
DA:6,7
DA:76,1
DA:111,1
DA:112,1
DA:113,1
DA:114,1
DA:115,1
DA:116,1
DA:117,1
DA:118,1
DA:119,1
DA:120,1
DA:121,1
DA:122,1
DA:123,1
DA:124,1
DA:125,1
DA:126,1
DA:127,1
DA:128,1
DA:129,1
DA:130,1
DA:131,1
DA:132,1
DA:133,1
DA:134,1
DA:135,1
DA:136,1
DA:137,1
DA:138,1
DA:139,1
DA:140,1
DA:141,1
DA:142,1
DA:143,1
DA:144,1
DA:147,2
DA:148,1
DA:149,1
DA:150,1
DA:151,1
DA:152,1
DA:153,1
DA:154,1
DA:155,1
DA:156,1
DA:157,1
DA:158,1
DA:159,1
DA:160,1
DA:161,1
DA:162,1
DA:163,1
DA:164,1
DA:165,1
DA:166,1
DA:167,1
DA:168,1
DA:169,1
DA:170,1
DA:171,1
DA:172,1
DA:173,1
DA:174,1
DA:175,1
DA:176,1
DA:177,1
DA:178,1
DA:179,1
DA:180,1
DA:183,2
DA:184,1
DA:185,1
DA:186,1
DA:187,1
DA:188,1
DA:189,1
DA:190,1
DA:191,1
DA:192,1
DA:193,1
DA:194,1
DA:195,1
DA:196,1
DA:197,1
DA:198,1
DA:199,1
DA:200,1
DA:201,1
DA:202,1
DA:203,1
DA:204,1
DA:205,1
DA:206,1
DA:207,1
DA:208,1
DA:209,1
DA:210,1
DA:211,1
DA:212,1
DA:213,1
DA:214,1
DA:215,1
DA:216,1
LF:104
LH:104
end_of_record
SF:lib/src/domain/entities/app_error.dart
DA:7,26
DA:9,1
DA:10,3
LF:3
LH:3
end_of_record
SF:lib/src/domain/params/no_params.dart
DA:4,8
DA:5,8
LF:2
LH:2
end_of_record
SF:lib/src/domain/params/preference/app_theme_params.dart
DA:5,1
DA:9,2
DA:10,1
LF:3
LH:3
end_of_record
SF:lib/src/domain/params/preference/user_preference_params.dart
DA:7,1
DA:11,2
DA:12,1
DA:15,1
DA:16,2
LF:5
LH:5
end_of_record
SF:lib/src/domain/usecases/preferences/get_user_preference.dart
DA:12,0
DA:14,0
DA:16,0
LF:3
LH:0
end_of_record
SF:lib/src/domain/usecases/preferences/save_user_preference.dart
DA:11,0
DA:13,0
DA:15,0
LF:3
LH:0
end_of_record
SF:lib/src/data/models/authentication/user_model.dart
DA:7,2
DA:22,1
DA:54,1
DA:56,1
DA:57,1
DA:58,1
DA:59,1
DA:60,1
DA:61,1
DA:62,1
DA:63,1
DA:64,1
DA:65,1
DA:66,1
DA:67,1
DA:68,1
DA:69,1
DA:70,1
DA:74,2
DA:75,1
DA:76,1
DA:77,1
DA:78,1
DA:79,1
DA:80,1
DA:81,1
DA:82,1
DA:83,1
DA:84,1
DA:85,1
DA:86,1
DA:87,1
DA:88,1
DA:103,1
DA:113,1
DA:125,2
DA:126,1
DA:127,1
DA:128,1
DA:129,1
DA:130,1
DA:131,1
DA:132,1
DA:133,1
DA:134,1
DA:137,2
DA:138,1
DA:139,1
DA:140,1
DA:141,1
DA:142,1
DA:143,1
DA:144,1
DA:145,1
DA:146,1
LF:55
LH:55
end_of_record
SF:lib/src/domain/entities/authentication/user_entity.dart
DA:6,2
DA:40,2
DA:41,1
DA:42,1
DA:43,1
DA:44,1
DA:45,1
DA:46,1
DA:47,1
DA:48,1
DA:49,1
DA:50,1
DA:51,1
DA:52,1
DA:53,1
DA:54,1
DA:55,1
DA:58,1
DA:59,6
DA:73,1
DA:85,2
DA:86,1
DA:87,1
DA:88,1
DA:89,1
DA:90,1
DA:91,1
DA:92,1
DA:93,1
DA:94,1
LF:30
LH:30
end_of_record
SF:lib/src/data/models/cash_balance/cash_balance_sub_grouping_model.dart
DA:6,1
DA:8,1
DA:9,1
DA:14,1
DA:15,1
DA:16,2
DA:19,1
DA:21,1
DA:22,2
DA:28,7
DA:31,1
DA:39,2
DA:40,1
DA:41,1
DA:44,2
DA:45,1
DA:46,1
LF:17
LH:17
end_of_record
SF:lib/src/domain/entities/cash_balance/cash_balance_sub_grouping_entity.dart
DA:7,2
DA:11,1
DA:12,2
DA:16,7
DA:24,1
DA:25,3
LF:6
LH:6
end_of_record
SF:lib/src/data/models/document/document_model.dart
DA:5,1
DA:7,1
DA:13,2
DA:14,2
DA:17,2
DA:18,2
DA:23,1
DA:31,1
DA:49,2
DA:50,1
DA:51,1
DA:52,1
DA:53,1
DA:54,1
DA:55,1
DA:56,1
DA:59,2
DA:60,1
DA:61,1
DA:62,1
DA:63,1
DA:64,1
DA:65,1
DA:66,1
LF:24
LH:24
end_of_record
SF:lib/src/domain/entities/document/document_entity.dart
DA:5,1
DA:11,1
LF:2
LH:2
end_of_record
SF:lib/src/data/models/net_worth/net_worth_grouping_model.dart
DA:9,1
DA:11,1
DA:12,1
DA:17,2
DA:18,2
DA:19,0
DA:20,0
DA:21,0
DA:24,1
DA:27,2
DA:28,2
DA:33,2
DA:36,1
DA:44,2
DA:45,1
DA:46,1
DA:49,2
DA:50,1
DA:51,1
LF:19
LH:16
end_of_record
SF:lib/src/domain/entities/net_worth/net_worth_grouping_entity.dart
DA:2,1
DA:10,2
LF:2
LH:2
end_of_record
SF:lib/src/data/models/net_worth/net_worth_number_of_period_model.dart
DA:5,1
DA:7,1
DA:8,1
DA:13,1
DA:14,1
DA:15,2
DA:18,1
DA:20,1
DA:21,2
DA:27,2
DA:31,1
DA:41,2
DA:42,1
DA:43,1
DA:44,1
DA:47,2
DA:48,1
DA:49,1
DA:50,1
LF:19
LH:19
end_of_record
SF:lib/src/domain/entities/net_worth/net_worth_number_of_period_entity.dart
DA:7,2
DA:11,1
DA:12,2
DA:16,17
DA:26,1
DA:27,4
LF:6
LH:6
end_of_record
SF:lib/src/data/models/net_worth/net_worth_period_model.dart
DA:5,1
DA:7,1
DA:8,1
DA:13,1
DA:14,1
DA:15,2
DA:18,1
DA:20,1
DA:21,2
DA:27,2
DA:31,1
DA:40,2
DA:41,1
DA:42,1
DA:43,1
DA:46,2
DA:47,1
DA:48,1
DA:49,1
LF:19
LH:19
end_of_record
SF:lib/src/domain/entities/net_worth/net_worth_period_entity.dart
DA:7,2
DA:11,1
DA:12,2
DA:16,12
DA:26,1
DA:27,4
LF:6
LH:6
end_of_record
SF:lib/src/data/models/net_worth/net_worth_sub_grouping_model.dart
DA:5,1
DA:7,1
DA:8,1
DA:13,1
DA:14,1
DA:15,2
DA:18,1
DA:20,1
DA:21,2
DA:27,7
DA:30,1
DA:38,2
DA:39,1
DA:40,1
DA:43,2
DA:44,1
DA:45,1
LF:17
LH:17
end_of_record
SF:lib/src/domain/entities/net_worth/net_worth_sub_grouping_enity.dart
DA:7,2
DA:11,1
DA:12,2
DA:16,7
DA:24,1
DA:25,3
LF:6
LH:6
end_of_record
SF:lib/src/data/models/net_worth/networth_report_model.dart
DA:8,1
DA:10,1
DA:11,1
DA:16,2
DA:17,2
DA:20,2
DA:21,2
DA:26,1
DA:30,1
DA:32,1
DA:40,2
DA:41,1
DA:42,2
DA:43,1
DA:46,2
DA:47,1
DA:48,2
DA:49,1
DA:54,1
DA:57,1
DA:65,2
DA:66,1
DA:67,1
DA:70,2
DA:71,1
DA:72,1
LF:26
LH:26
end_of_record
SF:lib/src/domain/entities/net_worth/net_worth_chart_data.dart
DA:8,2
DA:14,1
DA:15,4
DA:22,2
DA:27,1
DA:28,3
LF:6
LH:6
end_of_record
SF:lib/src/domain/entities/net_worth/net_worth_entity.dart
DA:9,2
DA:13,1
DA:14,2
DA:22,2
DA:26,1
LF:5
LH:5
end_of_record
SF:lib/src/domain/entities/cash_balance/cash_balance_chart_data.dart
DA:7,2
LF:1
LH:1
end_of_record
SF:lib/src/domain/entities/cash_balance/cash_balance_entity.dart
DA:5,2
DA:13,2
DA:18,1
LF:3
LH:3
end_of_record
SF:lib/src/domain/entities/cash_balance/cash_balance_grouping_entity.dart
DA:2,1
DA:10,2
LF:2
LH:2
end_of_record
SF:lib/src/domain/entities/dashboard/dashboard_list_entity.dart
DA:5,1
DA:17,1
LF:2
LH:2
end_of_record
SF:lib/src/domain/entities/dashboard/dashboard_widget_entity.dart
DA:4,1
DA:15,1
LF:2
LH:2
end_of_record
SF:lib/src/domain/entities/document/download_entity.dart
DA:9,1
LF:1
LH:1
end_of_record
SF:lib/src/domain/entities/expense/expense_account_entity.dart
DA:2,1
DA:10,7
LF:2
LH:2
end_of_record
SF:lib/src/domain/entities/expense/expense_chart_data.dart
DA:8,2
DA:14,1
DA:15,4
DA:24,2
DA:31,0
DA:32,0
LF:6
LH:4
end_of_record
SF:lib/src/domain/entities/expense/expense_report_entity.dart
DA:55,2
DA:59,1
DA:60,2
DA:68,2
DA:72,1
LF:5
LH:5
end_of_record
SF:lib/src/domain/entities/income/income_account_entity.dart
DA:2,1
DA:10,7
LF:2
LH:2
end_of_record
SF:lib/src/domain/entities/income/income_chart_data.dart
DA:8,2
DA:14,1
DA:15,4
DA:24,2
DA:31,0
DA:32,0
LF:6
LH:4
end_of_record
SF:lib/src/domain/entities/income/income_report_entity.dart
DA:32,2
DA:36,1
DA:37,2
DA:45,2
DA:49,1
LF:5
LH:5
end_of_record
SF:lib/src/domain/entities/income_expense/income_expense_number_of_period_entity.dart
DA:7,2
DA:11,1
DA:12,2
DA:16,22
DA:26,1
DA:27,4
LF:6
LH:6
end_of_record
SF:lib/src/domain/entities/income_expense/income_expense_period_entity.dart
DA:7,2
DA:11,1
DA:12,2
DA:16,12
DA:26,1
DA:27,4
LF:6
LH:6
end_of_record
SF:lib/src/domain/entities/investment_policy_statement/chart_data.dart
DA:8,2
LF:1
LH:1
end_of_record
SF:lib/src/domain/entities/investment_policy_statement/investment_policy_statement_grouping_entity.dart
DA:6,2
DA:10,1
DA:11,2
DA:18,2
DA:23,1
DA:24,3
LF:6
LH:6
end_of_record
SF:lib/src/domain/entities/investment_policy_statement/investment_policy_statement_policies_entity.dart
DA:6,2
DA:10,1
DA:11,2
DA:18,12
DA:23,1
DA:24,3
LF:6
LH:6
end_of_record
SF:lib/src/domain/entities/investment_policy_statement/investment_policy_statement_report_entity.dart
DA:8,2
DA:12,1
DA:13,2
DA:23,2
DA:29,1
DA:37,1
DA:38,1
LF:7
LH:7
end_of_record
SF:lib/src/domain/entities/investment_policy_statement/investment_policy_statement_sub_grouping_entity.dart
DA:7,2
DA:11,1
DA:12,2
DA:16,7
DA:24,1
DA:25,3
LF:6
LH:6
end_of_record
SF:lib/src/domain/entities/investment_policy_statement/investment_policy_statement_time_period_entity.dart
DA:7,2
DA:11,1
DA:12,1
DA:16,12
DA:24,1
DA:25,3
LF:6
LH:6
end_of_record
SF:lib/src/domain/entities/notification/notification_entity.dart
DA:3,1
DA:12,1
LF:2
LH:2
end_of_record
SF:lib/src/domain/entities/performance/performance_chart_data.dart
DA:6,2
LF:1
LH:1
end_of_record
SF:lib/src/domain/entities/performance/performance_grouping_entity.dart
DA:2,1
DA:10,2
LF:2
LH:2
end_of_record
SF:lib/src/domain/entities/performance/performance_report_entity.dart
DA:9,2
DA:13,1
DA:14,2
DA:22,2
DA:26,1
DA:32,1
DA:33,1
LF:7
LH:7
end_of_record
SF:lib/src/domain/entities/performance/sort_by_entity.dart
DA:5,1
DA:9,1
DA:10,1
DA:18,1
LF:4
LH:4
end_of_record
SF:lib/src/domain/entities/performance/top_item_entity.dart
DA:5,1
DA:9,1
DA:10,1
DA:18,1
LF:4
LH:4
end_of_record
SF:lib/src/domain/params/net_worth/net_worth_number_or_period_params.dart
DA:2,6
DA:4,1
DA:5,1
LF:3
LH:3
end_of_record
SF:lib/src/domain/params/net_worth/net_worth_period_params.dart
DA:2,6
DA:4,1
DA:5,1
LF:3
LH:3
end_of_record
SF:lib/src/domain/params/net_worth/net_worth_report_params.dart
DA:14,2
DA:27,2
DA:28,1
DA:29,1
DA:30,1
DA:31,1
DA:32,1
DA:33,1
DA:34,1
DA:36,1
DA:37,1
DA:38,1
DA:39,1
DA:40,1
DA:41,1
DA:42,1
LF:16
LH:16
end_of_record
SF:lib/src/domain/params/net_worth/net_worth_sub_grouping_param.dart
DA:6,1
DA:12,1
DA:13,1
DA:14,1
DA:15,1
DA:16,1
LF:6
LH:6
end_of_record
SF:lib/src/domain/usecases/net_worth/get_net_worth_grouping.dart
DA:13,0
DA:15,0
DA:17,0
LF:3
LH:0
end_of_record
SF:lib/src/domain/usecases/net_worth/get_net_worth_number_of _period.dart
DA:14,0
DA:16,0
DA:18,0
LF:3
LH:0
end_of_record
SF:lib/src/domain/usecases/net_worth/get_net_worth_period.dart
DA:13,0
DA:15,0
DA:17,0
LF:3
LH:0
end_of_record
SF:lib/src/domain/usecases/net_worth/get_net_worth_report.dart
DA:13,0
DA:15,0
DA:17,0
LF:3
LH:0
end_of_record
SF:lib/src/domain/usecases/net_worth/get_net_worth_sub_grouping.dart
DA:13,0
DA:15,0
DA:17,0
LF:3
LH:0
end_of_record
SF:lib/src/data/models/expense/expense_account_model.dart
DA:7,1
DA:9,1
DA:10,1
DA:13,2
DA:14,2
DA:17,2
DA:18,2
DA:27,1
DA:31,1
DA:37,2
DA:38,1
DA:39,1
DA:40,1
DA:43,2
DA:44,1
DA:45,1
DA:46,1
LF:17
LH:17
end_of_record
SF:lib/src/data/models/expense/expense_report_model.dart
DA:9,1
DA:12,1
DA:13,1
DA:19,1
DA:21,1
DA:23,1
DA:25,1
DA:27,2
DA:29,1
DA:30,0
DA:31,0
DA:32,0
DA:37,1
DA:43,2
DA:44,1
DA:49,1
DA:53,1
DA:55,1
DA:63,2
DA:64,1
DA:65,2
DA:66,1
DA:69,2
DA:70,1
DA:71,2
DA:72,1
DA:77,1
DA:82,1
DA:94,2
DA:95,1
DA:96,1
DA:97,1
DA:98,1
DA:101,2
DA:102,1
DA:103,1
DA:104,1
DA:105,1
LF:38
LH:35
end_of_record
SF:lib/src/data/models/income/income_account_model.dart
DA:7,1
DA:9,1
DA:10,1
DA:13,2
DA:14,2
DA:17,2
DA:18,2
DA:27,1
DA:31,1
DA:37,2
DA:38,1
DA:39,1
DA:40,1
DA:43,2
DA:44,1
DA:45,1
DA:46,1
LF:17
LH:17
end_of_record
SF:lib/src/data/models/income/income_report_model.dart
DA:9,1
DA:12,1
DA:13,1
DA:19,1
DA:20,1
DA:22,1
DA:24,1
DA:26,2
DA:28,1
DA:29,0
DA:30,0
DA:31,0
DA:36,1
DA:42,2
DA:43,1
DA:48,1
DA:52,1
DA:54,1
DA:62,2
DA:63,1
DA:64,2
DA:65,1
DA:68,2
DA:69,1
DA:70,2
DA:71,1
DA:76,1
DA:81,1
DA:93,2
DA:94,1
DA:95,1
DA:96,1
DA:97,1
DA:100,2
DA:101,1
DA:102,1
DA:103,1
DA:104,1
LF:38
LH:35
end_of_record
SF:lib/src/data/models/income_expense/income_expense_number_of_period_model.dart
DA:6,1
DA:8,1
DA:9,1
DA:14,1
DA:15,1
DA:16,2
DA:19,1
DA:21,1
DA:22,2
DA:28,2
DA:32,1
DA:42,2
DA:43,1
DA:44,1
DA:45,1
DA:48,2
DA:49,1
DA:50,1
DA:51,1
LF:19
LH:19
end_of_record
SF:lib/src/data/models/income_expense/income_expense_period_model.dart
DA:6,1
DA:8,1
DA:9,1
DA:14,1
DA:15,1
DA:16,2
DA:19,1
DA:21,1
DA:22,2
DA:28,2
DA:32,1
DA:41,2
DA:42,1
DA:43,1
DA:44,1
DA:47,2
DA:48,1
DA:49,1
DA:50,1
LF:19
LH:19
end_of_record
SF:lib/src/domain/params/expense/expense_account_params.dart
DA:5,1
DA:11,2
DA:12,1
DA:13,1
DA:14,1
LF:5
LH:5
end_of_record
SF:lib/src/domain/params/expense/expense_report_params.dart
DA:8,1
DA:17,2
DA:18,1
DA:19,1
DA:20,1
DA:21,1
DA:22,1
DA:23,1
LF:8
LH:8
end_of_record
SF:lib/src/domain/params/income/income_account_params.dart
DA:5,1
DA:11,2
DA:12,1
DA:13,1
DA:14,1
LF:5
LH:5
end_of_record
SF:lib/src/domain/params/income/income_report_params.dart
DA:8,1
DA:17,2
DA:18,1
DA:19,1
DA:20,1
DA:21,1
DA:22,1
DA:23,1
LF:8
LH:8
end_of_record
SF:lib/src/domain/usecases/expense/get_expense_account.dart
DA:14,0
DA:16,0
DA:18,0
LF:3
LH:0
end_of_record
SF:lib/src/domain/usecases/expense/get_expense_report.dart
DA:15,0
DA:17,0
DA:19,0
LF:3
LH:0
end_of_record
SF:lib/src/domain/usecases/income/get_income_account.dart
DA:14,0
DA:16,0
DA:18,0
LF:3
LH:0
end_of_record
SF:lib/src/domain/usecases/income/get_income_report.dart
DA:15,0
DA:17,0
DA:19,0
LF:3
LH:0
end_of_record
SF:lib/src/domain/usecases/income_expense/get_income_expense_period.dart
DA:15,0
DA:17,0
DA:19,0
LF:3
LH:0
end_of_record
SF:lib/src/domain/usecases/income_expense/get_income_expense_worth_number_of _period.dart
DA:16,0
DA:18,0
DA:20,0
LF:3
LH:0
end_of_record
SF:lib/src/data/models/cash_balance/cash_balance_grouping_model.dart
DA:8,1
DA:10,1
DA:11,1
DA:16,2
DA:17,2
DA:18,0
DA:19,0
DA:20,0
DA:23,1
DA:26,2
DA:27,2
DA:32,2
DA:35,1
DA:43,2
DA:44,1
DA:45,1
DA:48,2
DA:49,1
DA:50,1
LF:19
LH:16
end_of_record
SF:lib/src/data/models/cash_balance/cash_balance_report_model.dart
DA:14,2
DA:20,1
DA:25,2
DA:26,2
DA:29,2
DA:30,3
DA:35,1
DA:40,1
DA:52,2
DA:53,1
DA:54,1
DA:55,1
DA:56,1
DA:59,2
DA:60,1
DA:61,1
DA:62,1
DA:63,1
LF:18
LH:18
end_of_record
SF:lib/src/domain/params/cash_balance/cash_balance_report_params.dart
DA:9,2
DA:11,2
DA:12,1
DA:13,1
DA:14,1
DA:15,4
LF:6
LH:6
end_of_record
SF:lib/src/domain/params/cash_balance/cash_balance_sub_grouping_params.dart
DA:6,2
DA:12,1
DA:13,1
DA:14,1
DA:15,1
DA:16,1
LF:6
LH:6
end_of_record
SF:lib/src/domain/usecases/cash_balance/get_cash_balance_grouping.dart
DA:13,0
DA:15,0
DA:17,0
LF:3
LH:0
end_of_record
SF:lib/src/domain/usecases/cash_balance/get_cash_balance_report.dart
DA:13,0
DA:15,0
DA:17,0
LF:3
LH:0
end_of_record
SF:lib/src/domain/usecases/cash_balance/get_cash_balance_sub_grouping.dart
DA:20,0
DA:22,0
DA:24,0
LF:3
LH:0
end_of_record
SF:lib/src/data/models/investment_policy_statement/investment_policy_statement_grouping_model.dart
DA:5,1
DA:7,1
DA:8,1
DA:13,2
DA:14,2
DA:15,0
DA:16,0
DA:17,0
DA:20,1
DA:23,2
DA:24,2
DA:29,2
DA:32,1
DA:40,2
DA:41,1
DA:42,1
DA:45,2
DA:46,1
DA:47,1
LF:19
LH:16
end_of_record
SF:lib/src/domain/params/investment_policy_statement/investment_policy_statement_sub_grouping_params.dart
DA:5,2
DA:10,1
DA:11,1
DA:12,1
DA:13,1
LF:5
LH:5
end_of_record
SF:lib/src/domain/params/document/document_params.dart
DA:5,2
DA:11,1
DA:12,1
DA:13,1
DA:14,1
DA:15,1
LF:6
LH:6
end_of_record
SF:lib/src/domain/params/document/download_params.dart
DA:7,2
DA:14,1
DA:15,1
DA:16,1
DA:17,1
DA:18,1
DA:19,1
LF:7
LH:7
end_of_record
SF:lib/src/domain/params/document/search_document_params.dart
DA:6,2
DA:13,1
DA:14,1
DA:15,1
DA:16,1
DA:17,1
DA:18,1
LF:7
LH:7
end_of_record
SF:lib/src/domain/usecases/document/download_documents.dart
DA:12,0
DA:14,0
DA:16,0
LF:3
LH:0
end_of_record
SF:lib/src/domain/usecases/document/get_documents.dart
DA:12,0
DA:14,0
DA:16,0
LF:3
LH:0
end_of_record
SF:lib/src/domain/usecases/document/search_document.dart
DA:13,0
DA:15,0
DA:17,0
LF:3
LH:0
end_of_record
SF:lib/src/data/models/dashboard/dashboard_entity_model.dart
DA:6,1
DA:8,1
DA:10,1
DA:11,1
DA:12,1
DA:13,0
DA:14,0
DA:16,1
DA:20,1
DA:21,1
DA:22,2
DA:35,1
DA:42,1
DA:50,1
DA:52,1
DA:53,1
DA:54,1
DA:55,1
DA:56,1
DA:57,1
DA:61,1
DA:62,1
DA:63,1
DA:64,1
DA:65,1
DA:66,1
DA:67,1
LF:27
LH:25
end_of_record
SF:lib/src/data/models/dashboard/dashboard_widget_model.dart
DA:6,1
DA:8,1
DA:12,1
DA:13,1
DA:14,1
DA:15,0
DA:16,0
DA:19,1
DA:24,1
DA:25,1
DA:26,1
DA:27,0
DA:41,1
DA:48,1
DA:57,1
DA:58,1
DA:59,1
DA:60,1
DA:61,1
DA:62,1
DA:63,1
DA:64,1
DA:68,1
DA:69,1
DA:70,1
DA:71,1
DA:72,1
DA:73,1
DA:74,1
DA:75,1
LF:30
LH:27
end_of_record
SF:lib/src/domain/usecases/dashboard/get_dashboard_entity_list.dart
DA:12,0
DA:14,0
DA:16,0
LF:3
LH:0
end_of_record
SF:lib/src/domain/usecases/dashboard/get_dashboard_widgets.dart
DA:12,0
DA:14,0
DA:16,0
LF:3
LH:0
end_of_record
SF:lib/src/data/models/investment_policy_statement/investment_policy_statement_policies_model.dart
DA:5,1
DA:7,1
DA:8,1
DA:13,2
DA:14,2
DA:17,2
DA:18,2
DA:23,1
DA:26,1
DA:34,2
DA:35,1
DA:36,1
DA:39,2
DA:40,1
DA:41,1
LF:15
LH:15
end_of_record
SF:lib/src/data/models/investment_policy_statement/investment_policy_statement_report_model.dart
DA:5,1
DA:7,1
DA:8,1
DA:13,2
DA:14,2
DA:17,2
DA:18,2
DA:23,1
DA:29,1
DA:44,2
DA:45,1
DA:46,1
DA:47,1
DA:48,1
DA:49,1
DA:52,2
DA:53,1
DA:54,1
DA:55,1
DA:56,1
DA:57,1
LF:21
LH:21
end_of_record
SF:lib/src/data/models/investment_policy_statement/investment_policy_statement_sub_grouping_model.dart
DA:5,1
DA:7,1
DA:8,1
DA:13,1
DA:14,1
DA:15,2
DA:18,1
DA:20,1
DA:21,2
DA:27,7
DA:30,1
DA:38,2
DA:39,1
DA:40,1
DA:43,2
DA:44,1
DA:45,1
LF:17
LH:17
end_of_record
SF:lib/src/data/models/investment_policy_statement/investment_policy_statement_time_period_model.dart
DA:5,2
DA:7,1
DA:13,2
DA:14,2
DA:17,2
DA:18,2
DA:23,2
DA:26,1
DA:34,2
DA:35,1
DA:36,1
DA:39,2
DA:40,1
DA:41,1
LF:14
LH:14
end_of_record
SF:lib/src/domain/params/investment_policy_statement/investment_policy_statement_report_params.dart
DA:12,2
DA:21,1
DA:22,1
DA:23,1
DA:24,1
DA:25,1
DA:26,1
DA:27,1
DA:28,1
LF:9
LH:9
end_of_record
SF:lib/src/domain/params/investment_policy_statement/investment_policy_statement_time_period_params.dart
DA:2,11
DA:4,1
DA:5,1
LF:3
LH:3
end_of_record
SF:lib/src/domain/usecases/investment_policy_statement/get_investment_policy_statement_grouping.dart
DA:13,0
DA:15,0
DA:17,0
LF:3
LH:0
end_of_record
SF:lib/src/domain/usecases/investment_policy_statement/get_investment_policy_statement_policies.dart
DA:12,0
DA:14,0
DA:16,0
LF:3
LH:0
end_of_record
SF:lib/src/domain/usecases/investment_policy_statement/get_investment_policy_statement_report.dart
DA:12,0
DA:14,0
DA:16,0
LF:3
LH:0
end_of_record
SF:lib/src/domain/usecases/investment_policy_statement/get_investment_policy_statement_sub_grouping.dart
DA:18,0
DA:20,0
DA:22,0
LF:3
LH:0
end_of_record
SF:lib/src/domain/usecases/investment_policy_statement/get_investment_policy_statement_time_period.dart
DA:18,0
DA:20,0
DA:22,0
LF:3
LH:0
end_of_record
SF:lib/main.dart
DA:22,0
DA:23,0
DA:25,0
DA:26,0
DA:28,0
DA:29,0
DA:31,0
DA:33,0
DA:34,0
DA:37,0
DA:39,0
DA:40,0
DA:41,0
DA:42,0
DA:43,0
DA:45,0
DA:46,0
DA:47,0
DA:48,0
DA:49,0
DA:50,0
DA:58,0
LF:22
LH:0
end_of_record
SF:lib/src/injector.dart
DA:119,0
DA:124,0
DA:127,0
DA:129,0
DA:131,0
DA:132,0
DA:138,0
DA:139,0
DA:141,0
DA:142,0
DA:144,0
DA:145,0
DA:147,0
DA:148,0
DA:150,0
DA:151,0
DA:153,0
DA:154,0
DA:159,0
DA:160,0
DA:163,0
DA:164,0
DA:166,0
DA:167,0
DA:168,0
DA:173,0
DA:174,0
DA:176,0
DA:177,0
DA:179,0
DA:180,0
DA:182,0
DA:183,0
DA:185,0
DA:186,0
DA:188,0
DA:189,0
DA:191,0
DA:192,0
DA:194,0
DA:195,0
DA:197,0
DA:198,0
DA:200,0
DA:201,0
DA:203,0
DA:204,0
DA:206,0
DA:207,0
DA:209,0
DA:210,0
DA:212,0
DA:213,0
DA:215,0
DA:216,0
DA:219,0
DA:220,0
DA:222,0
DA:223,0
DA:225,0
DA:226,0
DA:228,0
DA:229,0
DA:231,0
DA:232,0
DA:234,0
DA:235,0
DA:237,0
DA:238,0
DA:240,0
DA:241,0
DA:243,0
DA:244,0
DA:246,0
DA:247,0
DA:250,0
DA:251,0
DA:253,0
DA:254,0
DA:256,0
DA:257,0
DA:259,0
DA:260,0
DA:262,0
DA:263,0
DA:265,0
DA:266,0
DA:268,0
DA:269,0
DA:271,0
DA:272,0
DA:274,0
DA:275,0
DA:277,0
DA:278,0
DA:280,0
DA:281,0
DA:283,0
DA:284,0
DA:286,0
DA:287,0
DA:289,0
DA:290,0
DA:292,0
DA:293,0
DA:295,0
DA:296,0
DA:301,0
DA:302,0
DA:306,0
DA:307,0
DA:308,0
DA:309,0
DA:310,0
DA:311,0
DA:314,0
DA:315,0
DA:316,0
DA:321,0
DA:323,0
DA:324,0
DA:325,0
DA:328,0
DA:329,0
DA:330,0
DA:331,0
DA:332,0
DA:335,0
DA:337,0
DA:338,0
DA:340,0
DA:341,0
DA:343,0
DA:344,0
DA:345,0
DA:348,0
DA:349,0
DA:350,0
DA:353,0
DA:354,0
DA:357,0
DA:359,0
DA:360,0
DA:361,0
DA:364,0
DA:366,0
DA:368,0
DA:370,0
DA:371,0
DA:372,0
DA:373,0
DA:374,0
DA:375,0
DA:378,0
DA:379,0
DA:380,0
DA:381,0
DA:382,0
DA:383,0
DA:384,0
DA:387,0
DA:388,0
DA:389,0
DA:390,0
DA:391,0
DA:392,0
DA:393,0
DA:394,0
DA:397,0
DA:399,0
DA:402,0
DA:403,0
DA:404,0
DA:405,0
DA:408,0
DA:409,0
DA:410,0
DA:411,0
DA:412,0
DA:413,0
DA:416,0
DA:417,0
DA:418,0
DA:419,0
DA:420,0
DA:423,0
DA:425,0
DA:428,0
DA:429,0
DA:430,0
DA:431,0
DA:432,0
DA:433,0
DA:434,0
DA:435,0
DA:438,0
DA:439,0
DA:440,0
DA:441,0
DA:442,0
DA:443,0
DA:446,0
DA:447,0
DA:448,0
DA:449,0
DA:450,0
DA:453,0
DA:454,0
DA:455,0
DA:456,0
DA:459,0
DA:460,0
DA:461,0
DA:462,0
DA:463,0
DA:464,0
DA:467,0
DA:468,0
DA:469,0
DA:470,0
DA:471,0
DA:473,0
DA:474,0
DA:475,0
DA:476,0
DA:477,0
DA:478,0
DA:481,0
DA:482,0
DA:483,0
DA:485,0
DA:487,0
DA:488,0
DA:489,0
DA:490,0
DA:493,0
DA:494,0
DA:495,0
DA:496,0
DA:497,0
DA:498,0
DA:499,0
DA:500,0
DA:501,0
DA:504,0
DA:505,0
DA:507,0
DA:510,0
DA:511,0
DA:512,0
DA:513,0
DA:514,0
DA:515,0
DA:516,0
DA:517,0
DA:518,0
DA:521,0
DA:523,0
DA:524,0
DA:525,0
DA:526,0
DA:529,0
DA:531,0
DA:533,0
DA:536,0
DA:537,0
DA:539,0
DA:540,0
DA:541,0
DA:544,0
DA:546,0
DA:548,0
DA:549,0
DA:552,0
DA:553,0
LF:275
LH:0
end_of_record
SF:lib/src/presentation/av_app.dart
DA:25,0
DA:26,0
DA:36,0
DA:38,0
DA:39,0
DA:40,0
DA:41,0
DA:42,0
DA:44,0
DA:45,0
DA:47,0
DA:48,0
DA:49,0
DA:51,0
DA:57,0
DA:59,0
DA:60,0
DA:61,0
DA:62,0
DA:63,0
DA:66,0
DA:68,0
DA:69,0
DA:70,0
DA:71,0
DA:72,0
DA:73,0
DA:74,0
DA:76,0
DA:77,0
DA:78,0
DA:79,0
DA:80,0
DA:81,0
DA:84,0
DA:85,0
DA:86,0
DA:91,0
DA:92,0
DA:93,0
DA:94,0
LF:41
LH:0
end_of_record
SF:lib/src/config/constants/dashboard.dart
DA:3,0
LF:1
LH:0
end_of_record
SF:lib/src/config/constants/hive_constants.dart
DA:3,0
DA:19,0
LF:2
LH:0
end_of_record
SF:lib/src/config/constants/route_constants.dart
DA:2,0
LF:1
LH:0
end_of_record
SF:lib/src/config/constants/size_constants.dart
DA:2,0
LF:1
LH:0
end_of_record
SF:lib/src/config/constants/strings_constants.dart
DA:2,0
LF:1
LH:0
end_of_record
SF:lib/src/config/extensions/size_extensions.dart
DA:4,0
DA:6,0
DA:8,0
LF:3
LH:0
end_of_record
SF:lib/src/config/screenutil/screenutil.dart
DA:4,0
DA:15,0
DA:16,0
DA:17,0
DA:18,0
DA:19,0
DA:20,0
DA:22,0
DA:24,0
DA:25,0
DA:28,0
DA:32,0
DA:33,0
DA:34,0
DA:35,0
DA:36,0
DA:37,0
DA:38,0
DA:39,0
DA:40,0
DA:41,0
DA:45,0
DA:48,0
DA:51,0
DA:54,0
DA:57,0
DA:60,0
DA:63,0
DA:66,0
DA:69,0
DA:72,0
DA:74,0
DA:75,0
DA:77,0
DA:83,0
DA:90,0
DA:97,0
DA:100,0
DA:101,0
DA:102,0
DA:103,0
DA:104,0
LF:42
LH:0
end_of_record
SF:lib/src/config/extensions/string_extensions.dart
DA:4,0
DA:5,0
DA:8,0
DA:12,0
DA:13,0
DA:14,0
DA:15,0
DA:17,0
LF:8
LH:0
end_of_record
SF:lib/src/config/validators/login_validators.dart
DA:25,1
DA:26,1
DA:34,1
DA:35,1
DA:43,1
DA:44,1
LF:6
LH:6
end_of_record
SF:lib/src/core/api_client.dart
DA:19,0
DA:21,0
DA:23,0
DA:25,0
DA:26,0
DA:29,0
DA:30,0
DA:31,0
DA:32,0
DA:34,0
DA:36,0
DA:37,0
DA:38,0
DA:39,0
DA:42,0
DA:43,0
DA:45,0
DA:49,0
DA:51,0
DA:53,0
DA:54,0
DA:58,0
DA:59,0
DA:60,0
DA:61,0
DA:63,0
DA:64,0
DA:68,0
DA:70,0
DA:72,0
DA:73,0
DA:75,0
DA:79,0
DA:81,0
DA:83,0
DA:85,0
DA:102,0
DA:103,0
DA:107,0
DA:108,0
DA:109,0
DA:110,0
DA:112,0
DA:114,0
DA:115,0
DA:119,0
DA:120,0
DA:121,0
DA:122,0
DA:125,0
DA:127,0
DA:128,0
DA:130,0
DA:131,0
DA:133,0
DA:136,0
DA:137,0
DA:141,0
DA:143,0
DA:145,0
DA:146,0
DA:150,0
DA:151,0
DA:152,0
DA:153,0
DA:156,0
DA:158,0
DA:159,0
DA:161,0
DA:162,0
DA:165,0
DA:166,0
DA:167,0
DA:170,0
DA:171,0
DA:173,0
DA:177,0
DA:179,0
DA:181,0
DA:182,0
DA:186,0
DA:187,0
DA:188,0
DA:189,0
DA:192,0
DA:193,0
DA:194,0
DA:197,0
DA:198,0
DA:199,0
DA:200,0
DA:202,0
DA:206,0
DA:208,0
DA:210,0
DA:211,0
DA:215,0
DA:216,0
DA:217,0
DA:218,0
DA:221,0
DA:222,0
DA:223,0
DA:226,0
DA:227,0
DA:228,0
DA:229,0
DA:231,0
DA:235,0
DA:237,0
DA:239,0
DA:240,0
DA:243,0
DA:244,0
DA:245,0
DA:249,0
DA:250,0
DA:251,0
DA:264,0
DA:266,0
DA:267,0
DA:275,0
DA:276,0
DA:277,0
DA:281,0
DA:282,0
DA:285,0
DA:286,0
DA:288,0
DA:290,0
DA:291,0
DA:292,0
DA:294,0
DA:295,0
DA:299,0
DA:301,0
DA:304,0
DA:308,0
DA:312,0
DA:316,0
LF:140
LH:0
end_of_record
SF:lib/src/data/datasource/local/app_local_datasource.dart
DA:16,0
DA:18,0
DA:19,0
DA:20,0
DA:23,0
DA:25,0
DA:27,0
DA:28,0
DA:29,0
DA:30,0
DA:31,0
DA:32,0
DA:33,0
DA:34,0
DA:35,0
DA:36,0
DA:37,0
DA:38,0
DA:39,0
DA:40,0
DA:41,0
DA:42,0
DA:43,0
DA:44,0
DA:45,0
DA:46,0
DA:47,0
DA:48,0
DA:49,0
DA:50,0
DA:51,0
DA:52,0
DA:53,0
DA:54,0
DA:55,0
DA:56,0
DA:57,0
DA:58,0
DA:59,0
DA:60,0
DA:61,0
DA:62,0
DA:65,0
LF:43
LH:0
end_of_record
SF:lib/src/core/api_constants.dart
DA:3,0
LF:1
LH:0
end_of_record
SF:lib/src/data/datasource/local/authentication_local_datasouce.dart
DA:9,0
DA:11,0
LF:2
LH:0
end_of_record
SF:lib/src/data/datasource/local/av_local_datasource.dart
DA:106,0
DA:108,0
DA:109,0
DA:110,0
DA:113,0
DA:115,0
DA:116,0
DA:119,0
DA:121,0
DA:122,0
DA:123,0
DA:126,0
DA:128,0
DA:129,0
DA:133,0
DA:135,0
DA:136,0
DA:137,0
DA:140,0
DA:142,0
DA:143,0
DA:146,0
DA:148,0
DA:149,0
DA:150,0
DA:151,0
DA:154,0
DA:156,0
DA:157,0
DA:158,0
DA:161,0
DA:163,0
DA:164,0
DA:165,0
DA:168,0
DA:170,0
DA:171,0
DA:174,0
DA:176,0
DA:177,0
DA:178,0
DA:181,0
DA:183,0
DA:184,0
DA:187,0
DA:189,0
DA:190,0
DA:191,0
DA:192,0
DA:195,0
DA:197,0
DA:198,0
DA:199,0
DA:202,0
DA:204,0
DA:205,0
DA:209,0
DA:211,0
DA:212,0
DA:213,0
DA:216,0
DA:218,0
DA:219,0
DA:222,0
DA:224,0
DA:225,0
DA:226,0
DA:229,0
DA:231,0
DA:232,0
DA:235,0
DA:237,0
DA:238,0
DA:239,0
DA:240,0
DA:243,0
DA:245,0
DA:246,0
DA:247,0
DA:250,0
DA:252,0
DA:253,0
DA:257,0
DA:259,0
DA:260,0
DA:261,0
DA:264,0
DA:266,0
DA:267,0
DA:270,0
DA:272,0
DA:273,0
DA:274,0
DA:277,0
DA:279,0
DA:280,0
DA:283,0
DA:285,0
DA:286,0
DA:287,0
DA:288,0
DA:291,0
DA:293,0
DA:294,0
DA:295,0
DA:298,0
DA:300,0
DA:301,0
DA:305,0
DA:307,0
DA:308,0
DA:309,0
DA:312,0
DA:314,0
DA:315,0
DA:318,0
DA:320,0
DA:321,0
DA:322,0
DA:323,0
DA:326,0
DA:328,0
DA:329,0
DA:330,0
DA:333,0
DA:335,0
DA:336,0
DA:340,0
DA:342,0
DA:343,0
DA:344,0
DA:347,0
DA:349,0
DA:350,0
DA:353,0
DA:355,0
DA:356,0
DA:357,0
DA:358,0
DA:361,0
DA:363,0
DA:364,0
DA:365,0
DA:368,0
DA:370,0
DA:371,0
DA:372,0
DA:376,0
DA:378,0
DA:379,0
DA:382,0
DA:384,0
DA:385,0
DA:386,0
DA:387,0
DA:390,0
DA:392,0
DA:393,0
DA:394,0
DA:397,0
DA:399,0
DA:400,0
DA:401,0
DA:402,0
LF:164
LH:0
end_of_record
SF:lib/src/data/models/performance/performance_grouping_model.dart
DA:6,1
DA:8,1
DA:9,1
DA:14,2
DA:15,2
DA:16,0
DA:17,0
DA:18,0
DA:21,1
DA:24,2
DA:25,2
DA:30,2
DA:33,1
DA:41,2
DA:42,1
DA:43,1
DA:46,2
DA:47,1
DA:48,1
LF:19
LH:16
end_of_record
SF:lib/src/data/models/performance/performance_report_model.dart
DA:5,1
DA:7,1
DA:8,1
DA:13,2
DA:14,2
DA:17,2
DA:18,2
DA:23,1
DA:27,1
DA:37,2
DA:38,1
DA:39,1
DA:40,1
DA:43,2
DA:44,1
DA:45,1
DA:46,1
LF:17
LH:17
end_of_record
SF:lib/src/data/datasource/remote/app_remote_datasource.dart
DA:11,0
LF:1
LH:0
end_of_record
SF:lib/src/data/datasource/remote/authentication_remote_datasource.dart
DA:18,0
DA:20,0
DA:22,0
DA:23,0
DA:25,0
DA:28,0
DA:30,0
DA:33,0
DA:36,0
DA:39,0
DA:43,0
LF:11
LH:0
end_of_record
SF:lib/src/data/models/authentication/token.dart
DA:7,1
DA:9,0
DA:10,0
DA:11,0
DA:12,0
DA:13,0
DA:16,1
DA:17,1
DA:18,2
DA:19,2
DA:20,2
DA:21,2
LF:12
LH:7
end_of_record
SF:lib/src/data/models/authentication/forgot_password_model.dart
DA:5,1
DA:8,1
DA:9,0
DA:10,0
DA:11,0
DA:12,0
DA:13,0
DA:14,0
DA:15,0
DA:16,0
DA:22,2
DA:23,1
DA:24,1
DA:27,2
DA:28,1
DA:29,1
DA:34,1
DA:54,2
DA:55,1
DA:56,1
DA:57,1
DA:58,1
DA:59,1
DA:60,1
DA:61,1
DA:62,1
DA:65,2
DA:66,1
DA:67,1
DA:68,1
DA:69,1
DA:70,1
DA:71,1
DA:72,1
DA:73,1
LF:35
LH:27
end_of_record
SF:lib/src/data/datasource/remote/av_remote_datasource.dart
DA:44,0
DA:53,0
DA:62,0
DA:71,0
DA:130,0
DA:132,0
DA:134,0
DA:135,0
DA:138,0
DA:144,0
DA:147,0
DA:149,0
DA:153,0
DA:154,0
DA:167,0
DA:168,0
DA:169,0
DA:170,0
DA:171,0
DA:172,0
DA:175,0
DA:178,0
DA:184,0
DA:188,0
DA:190,0
DA:193,0
DA:196,0
DA:198,0
DA:199,0
DA:202,0
DA:204,0
DA:207,0
DA:210,0
DA:212,0
DA:213,0
DA:216,0
DA:218,0
DA:249,0
DA:251,0
DA:254,0
DA:257,0
DA:259,0
DA:260,0
DA:263,0
DA:265,0
DA:268,0
DA:271,0
DA:273,0
DA:276,0
DA:279,0
DA:281,0
DA:282,0
DA:285,0
DA:287,0
DA:290,0
DA:293,0
DA:298,0
DA:364,0
DA:366,0
DA:393,0
DA:395,0
DA:398,0
DA:401,0
DA:403,0
DA:404,0
DA:407,0
DA:409,0
DA:430,0
DA:432,0
DA:489,0
DA:491,0
DA:494,0
DA:497,0
DA:499,0
DA:502,0
DA:506,0
DA:508,0
DA:512,0
DA:515,0
DA:517,0
DA:520,0
DA:523,0
DA:528,0
DA:594,0
DA:596,0
DA:624,0
DA:626,0
DA:629,0
DA:632,0
DA:634,0
DA:637,0
DA:640,0
DA:642,0
DA:643,0
DA:650,0
DA:652,0
DA:653,0
DA:654,0
DA:658,0
DA:660,0
DA:663,0
DA:666,0
DA:669,0
DA:670,0
DA:671,0
DA:672,0
DA:673,0
LF:107
LH:0
end_of_record
SF:lib/src/presentation/screens/expense/expense_report_screen.dart
DA:24,0
DA:27,0
DA:29,0
DA:30,0
DA:38,0
DA:40,0
DA:41,0
DA:42,0
DA:43,0
DA:44,0
DA:47,0
DA:49,0
DA:50,0
DA:51,0
DA:52,0
DA:55,0
DA:57,0
DA:58,0
DA:59,0
DA:60,0
DA:62,0
DA:63,0
DA:65,0
DA:66,0
DA:69,0
DA:80,0
DA:81,0
DA:82,0
DA:84,0
DA:85,0
DA:87,0
DA:88,0
DA:89,0
DA:92,0
DA:93,0
DA:94,0
DA:97,0
DA:98,0
DA:99,0
DA:100,0
DA:102,0
DA:103,0
DA:106,0
DA:107,0
DA:108,0
DA:109,0
DA:110,0
DA:112,0
DA:113,0
DA:118,0
DA:119,0
DA:120,0
DA:121,0
DA:122,0
DA:127,0
DA:128,0
DA:129,0
DA:130,0
DA:131,0
DA:132,0
DA:134,0
DA:136,0
DA:139,0
DA:141,0
DA:147,0
DA:150,0
LF:66
LH:0
end_of_record
SF:lib/src/presentation/screens/income/income_report_screen.dart
DA:25,0
DA:28,0
DA:30,0
DA:31,0
DA:39,0
DA:41,0
DA:42,0
DA:43,0
DA:44,0
DA:45,0
DA:48,0
DA:50,0
DA:51,0
DA:52,0
DA:53,0
DA:56,0
DA:58,0
DA:59,0
DA:60,0
DA:61,0
DA:63,0
DA:64,0
DA:66,0
DA:67,0
DA:70,0
DA:81,0
DA:82,0
DA:83,0
DA:85,0
DA:86,0
DA:88,0
DA:89,0
DA:90,0
DA:93,0
DA:94,0
DA:95,0
DA:98,0
DA:99,0
DA:100,0
DA:101,0
DA:103,0
DA:104,0
DA:107,0
DA:108,0
DA:109,0
DA:110,0
DA:111,0
DA:113,0
DA:114,0
DA:119,0
DA:120,0
DA:121,0
DA:122,0
DA:123,0
DA:128,0
DA:129,0
DA:130,0
DA:131,0
DA:132,0
DA:133,0
DA:135,0
DA:137,0
DA:140,0
DA:142,0
DA:148,0
DA:151,0
LF:66
LH:0
end_of_record
SF:lib/src/data/models/document/download_data.dart
DA:12,0
DA:17,0
LF:2
LH:0
end_of_record
SF:lib/src/data/models/notifications/notifications_model.dart
DA:5,1
DA:7,1
DA:13,1
DA:14,2
DA:15,1
DA:18,1
DA:19,0
DA:22,1
DA:28,2
DA:29,2
DA:34,1
DA:38,1
DA:48,2
DA:49,1
DA:50,1
DA:51,1
DA:54,2
DA:55,1
DA:56,1
DA:57,1
LF:20
LH:19
end_of_record
SF:lib/src/data/models/performance/performance_sort_by_model.dart
DA:5,1
DA:7,1
DA:8,1
DA:13,2
DA:14,2
DA:17,2
DA:18,2
DA:23,1
DA:27,1
DA:37,2
DA:38,1
DA:39,1
DA:40,1
DA:43,2
DA:44,1
DA:45,1
DA:46,1
LF:17
LH:17
end_of_record
SF:lib/src/data/models/performance/performance_top_item_model.dart
DA:5,1
DA:7,1
DA:8,1
DA:13,2
DA:14,2
DA:17,2
DA:18,2
DA:23,1
DA:27,1
DA:37,2
DA:38,1
DA:39,1
DA:40,1
DA:43,2
DA:44,1
DA:45,1
DA:46,1
LF:17
LH:17
end_of_record
SF:lib/src/domain/entities/authentication/forgot_password_entity.dart
DA:5,2
DA:25,1
DA:26,3
LF:3
LH:3
end_of_record
SF:lib/src/data/repositories/app_repository_impl.dart
DA:11,0
DA:13,0
DA:16,0
DA:17,0
DA:18,0
DA:23,0
DA:26,0
DA:27,0
DA:28,0
LF:9
LH:0
end_of_record
SF:lib/src/data/repositories/authentication_repository_impl.dart
DA:21,0
DA:27,0
DA:30,0
DA:32,0
DA:33,0
DA:35,0
DA:40,0
DA:43,0
DA:44,0
DA:46,0
DA:47,0
DA:48,0
DA:50,0
DA:51,0
DA:53,0
DA:54,0
DA:56,0
DA:57,0
DA:59,0
DA:60,0
DA:62,0
DA:63,0
DA:66,0
DA:70,0
DA:71,0
DA:73,0
DA:78,0
DA:81,0
DA:82,0
DA:83,0
DA:88,0
DA:91,0
DA:93,0
DA:94,0
DA:96,0
LF:35
LH:0
end_of_record
SF:lib/src/data/repositories/av_repository_impl.dart
DA:51,0
DA:53,0
DA:56,0
DA:57,0
DA:58,0
DA:60,0
DA:65,0
DA:68,0
DA:69,0
DA:70,0
DA:72,0
DA:77,0
DA:114,0
DA:115,0
DA:116,0
DA:117,0
DA:118,0
DA:119,0
DA:120,0
DA:123,0
DA:125,0
DA:127,0
DA:129,0
DA:130,0
DA:131,0
DA:132,0
DA:133,0
DA:136,0
DA:143,0
DA:145,0
DA:150,0
DA:153,0
DA:154,0
DA:155,0
DA:157,0
DA:162,0
DA:165,0
DA:167,0
DA:169,0
DA:170,0
DA:171,0
DA:174,0
DA:176,0
DA:181,0
DA:189,0
DA:191,0
DA:193,0
DA:194,0
DA:195,0
DA:196,0
DA:198,0
DA:200,0
DA:205,0
DA:208,0
DA:210,0
DA:212,0
DA:213,0
DA:214,0
DA:217,0
DA:219,0
DA:224,0
DA:227,0
DA:229,0
DA:231,0
DA:232,0
DA:233,0
DA:236,0
DA:238,0
DA:243,0
DA:246,0
DA:247,0
DA:248,0
DA:250,0
DA:255,0
DA:258,0
DA:259,0
DA:260,0
DA:266,0
DA:269,0
DA:271,0
DA:273,0
DA:274,0
DA:275,0
DA:277,0
DA:279,0
DA:284,0
DA:292,0
DA:294,0
DA:296,0
DA:297,0
DA:298,0
DA:299,0
DA:301,0
DA:303,0
DA:308,0
DA:311,0
DA:313,0
DA:315,0
DA:316,0
DA:317,0
DA:319,0
DA:321,0
DA:326,0
DA:329,0
DA:330,0
DA:331,0
DA:337,0
DA:340,0
DA:342,0
DA:344,0
DA:345,0
DA:346,0
DA:348,0
DA:350,0
DA:355,0
DA:363,0
DA:365,0
DA:367,0
DA:368,0
DA:369,0
DA:370,0
DA:372,0
DA:374,0
DA:379,0
DA:382,0
DA:384,0
DA:386,0
DA:387,0
DA:388,0
DA:390,0
DA:392,0
DA:397,0
DA:400,0
DA:401,0
DA:402,0
DA:404,0
DA:409,0
DA:412,0
DA:413,0
DA:414,0
DA:416,0
DA:421,0
DA:424,0
DA:425,0
DA:426,0
DA:432,0
DA:440,0
DA:442,0
DA:444,0
DA:445,0
DA:446,0
DA:448,0
DA:450,0
DA:452,0
DA:457,0
DA:460,0
DA:462,0
DA:464,0
DA:465,0
DA:466,0
DA:468,0
DA:470,0
DA:476,0
DA:479,0
DA:480,0
DA:481,0
DA:483,0
DA:488,0
DA:491,0
DA:492,0
DA:493,0
DA:495,0
DA:500,0
DA:503,0
DA:504,0
DA:505,0
DA:511,0
DA:514,0
DA:516,0
DA:518,0
DA:519,0
DA:520,0
DA:521,0
DA:523,0
DA:525,0
DA:530,0
DA:533,0
DA:535,0
DA:537,0
DA:538,0
DA:539,0
DA:541,0
DA:543,0
DA:549,0
DA:552,0
DA:554,0
DA:556,0
DA:557,0
DA:558,0
DA:559,0
DA:561,0
DA:563,0
DA:568,0
DA:571,0
DA:573,0
DA:575,0
DA:576,0
DA:577,0
DA:579,0
DA:581,0
DA:586,0
DA:589,0
DA:590,0
DA:591,0
DA:593,0
DA:598,0
DA:601,0
DA:602,0
DA:603,0
DA:605,0
DA:610,0
DA:613,0
DA:614,0
DA:615,0
DA:621,0
DA:624,0
DA:625,0
DA:626,0
DA:628,0
DA:633,0
DA:636,0
DA:637,0
DA:638,0
DA:639,0
DA:641,0
DA:646,0
DA:649,0
DA:650,0
DA:651,0
DA:653,0
DA:658,0
DA:661,0
DA:662,0
DA:663,0
DA:665,0
LF:245
LH:0
end_of_record
SF:lib/src/domain/entities/authentication/asw_conginto_error.dart
DA:7,2
DA:14,1
DA:15,1
DA:16,1
DA:17,1
DA:18,1
DA:19,1
DA:23,1
DA:24,1
DA:25,1
DA:26,1
DA:27,1
DA:28,1
LF:13
LH:13
end_of_record
SF:lib/src/domain/entities/authentication/login_entity.dart
DA:5,3
DA:24,1
DA:25,4
LF:3
LH:3
end_of_record
SF:lib/src/domain/entities/dashboard_entity.dart
DA:7,0
LF:1
LH:0
end_of_record
SF:lib/src/domain/params/authentication/forget_password_params.dart
DA:6,1
DA:10,2
DA:11,1
DA:14,1
DA:15,2
LF:5
LH:5
end_of_record
SF:lib/src/domain/params/authentication/get_user_data_params.dart
DA:2,7
DA:4,1
DA:5,1
LF:3
LH:3
end_of_record
SF:lib/src/domain/params/authentication/login_request_params.dart
DA:8,1
DA:14,2
DA:15,1
DA:16,1
DA:17,1
DA:20,1
DA:21,4
LF:7
LH:7
end_of_record
SF:lib/src/domain/params/authentication/reset_password_params.dart
DA:10,0
DA:18,0
DA:19,0
DA:20,0
DA:21,0
DA:22,0
DA:23,0
DA:26,0
DA:27,0
LF:9
LH:0
end_of_record
SF:lib/src/domain/params/performance/performance_report_params.dart
DA:7,2
DA:14,1
DA:15,1
DA:16,1
DA:17,1
DA:18,1
DA:19,1
LF:7
LH:7
end_of_record
SF:lib/src/domain/usecases/authentication/forgot_password.dart
DA:12,0
DA:14,0
DA:16,0
LF:3
LH:0
end_of_record
SF:lib/src/domain/usecases/authentication/get_user_data.dart
DA:15,0
DA:17,0
DA:19,0
LF:3
LH:0
end_of_record
SF:lib/src/domain/usecases/authentication/get_user_theme.dart
DA:13,0
DA:15,0
DA:17,0
LF:3
LH:0
end_of_record
SF:lib/src/domain/usecases/authentication/login_user.dart
DA:13,0
DA:15,0
DA:17,0
LF:3
LH:0
end_of_record
SF:lib/src/domain/usecases/authentication/logout_user.dart
DA:11,0
DA:13,0
DA:15,0
LF:3
LH:0
end_of_record
SF:lib/src/domain/usecases/authentication/reset_password.dart
DA:12,0
DA:14,0
DA:16,0
LF:3
LH:0
end_of_record
SF:lib/src/domain/usecases/cash_balance/clear_cash_balance.dart
DA:11,0
DA:13,0
DA:15,0
LF:3
LH:0
end_of_record
SF:lib/src/domain/usecases/income_expense/clear_income_expense.dart
DA:11,0
DA:13,0
DA:15,0
LF:3
LH:0
end_of_record
SF:lib/src/domain/usecases/investment_policy_statement/clear_investment_policy_statement.dart
DA:11,0
DA:13,0
DA:15,0
LF:3
LH:0
end_of_record
SF:lib/src/domain/usecases/net_worth/clear_net_worth.dart
DA:11,0
DA:13,0
DA:15,0
LF:3
LH:0
end_of_record
SF:lib/src/domain/usecases/notifications/get_notifications.dart
DA:14,0
DA:16,0
DA:18,0
LF:3
LH:0
end_of_record
SF:lib/src/domain/usecases/performance/clear_performance.dart
DA:11,0
DA:13,0
DA:15,0
LF:3
LH:0
end_of_record
SF:lib/src/domain/usecases/performance/get_performance_grouping.dart
DA:12,0
DA:14,0
DA:16,0
LF:3
LH:0
end_of_record
SF:lib/src/domain/usecases/performance/get_performance_report.dart
DA:15,0
DA:17,0
DA:19,0
LF:3
LH:0
end_of_record
SF:lib/src/domain/usecases/performance/get_performance_sort_by.dart
DA:12,0
DA:14,0
DA:16,0
LF:3
LH:0
end_of_record
SF:lib/src/domain/usecases/performance/get_performance_top_items.dart
DA:12,0
DA:14,0
DA:16,0
LF:3
LH:0
end_of_record
SF:lib/src/presentation/blocs/app_theme/theme_cubit.dart
DA:17,0
DA:20,0
DA:22,0
DA:24,0
DA:25,0
DA:26,0
DA:27,0
DA:28,0
DA:29,0
DA:30,0
DA:32,0
DA:33,0
DA:35,0
DA:36,0
DA:38,0
DA:39,0
DA:41,0
DA:42,0
DA:44,0
DA:45,0
DA:46,0
DA:48,0
DA:49,0
DA:50,0
DA:52,0
DA:54,0
DA:55,0
DA:56,0
DA:57,0
DA:59,0
DA:60,0
DA:61,0
DA:63,0
DA:64,0
DA:65,0
DA:67,0
DA:68,0
DA:69,0
DA:71,0
DA:72,0
LF:40
LH:0
end_of_record
SF:lib/src/presentation/blocs/authentication/forgot_password/forgot_password_state.dart
DA:4,0
DA:6,0
DA:7,0
DA:17,0
DA:19,0
DA:20,0
DA:26,0
DA:28,0
DA:29,0
LF:9
LH:0
end_of_record
SF:lib/src/presentation/blocs/authentication/forgot_password/forgot_password_cubit.dart
DA:21,0
DA:24,0
DA:26,0
DA:28,0
DA:30,0
DA:33,0
DA:34,0
DA:39,0
DA:40,0
DA:41,0
DA:42,0
DA:43,0
DA:45,0
DA:48,0
LF:14
LH:0
end_of_record
SF:lib/src/presentation/blocs/authentication/login/login_state.dart
DA:4,5
DA:6,0
DA:7,0
DA:19,5
DA:21,0
DA:22,0
DA:30,0
DA:32,0
DA:33,0
DA:39,0
DA:41,0
DA:42,0
LF:12
LH:2
end_of_record
SF:lib/src/presentation/blocs/authentication/login/login_cubit.dart
DA:36,0
DA:42,0
DA:44,0
DA:46,0
DA:48,0
DA:49,0
DA:50,0
DA:57,0
DA:58,0
DA:59,0
DA:60,0
DA:61,0
DA:63,0
DA:64,0
DA:65,0
DA:66,0
DA:70,0
DA:73,0
DA:74,0
DA:75,0
DA:79,0
DA:83,0
DA:86,0
DA:87,0
DA:88,0
DA:90,0
DA:92,0
DA:94,0
DA:95,0
DA:96,0
DA:97,0
DA:98,0
DA:99,0
DA:103,0
LF:34
LH:0
end_of_record
SF:lib/src/presentation/blocs/authentication/login_check/login_check_cubit.dart
DA:26,0
DA:29,0
DA:31,0
DA:33,0
DA:34,0
DA:36,0
DA:37,0
DA:38,0
DA:39,0
DA:40,0
DA:46,0
DA:49,0
DA:50,0
DA:52,0
DA:53,0
DA:54,0
DA:55,0
DA:56,0
DA:59,0
DA:61,0
DA:62,0
DA:65,0
DA:66,0
DA:68,0
DA:72,0
DA:73,0
LF:26
LH:0
end_of_record
SF:lib/src/presentation/blocs/authentication/login_check/login_check_state.dart
DA:4,0
DA:6,0
DA:7,0
DA:19,0
DA:21,0
DA:22,0
LF:6
LH:0
end_of_record
SF:lib/src/presentation/blocs/authentication/user/user_cubit.dart
DA:28,0
DA:33,0
DA:35,0
DA:36,0
DA:38,0
DA:40,0
DA:41,0
DA:43,0
DA:44,0
DA:45,0
DA:46,0
DA:47,0
DA:48,0
DA:51,0
DA:52,0
DA:53,0
DA:54,0
DA:56,0
DA:57,0
DA:64,0
LF:20
LH:0
end_of_record
SF:lib/src/presentation/blocs/cash_balance/cash_balance_timestamp/cash_balance_timestamp_cubit.dart
DA:7,0
DA:9,0
DA:11,0
DA:12,0
LF:4
LH:0
end_of_record
SF:lib/src/presentation/blocs/dashboard/dashboard_state.dart
DA:4,5
DA:6,0
DA:7,0
DA:11,5
DA:20,0
DA:28,0
DA:30,0
DA:31,0
LF:8
LH:2
end_of_record
SF:lib/src/presentation/blocs/dashboard/dashboard_cubit.dart
DA:21,0
DA:24,0
DA:26,0
DA:27,0
DA:29,0
DA:31,0
DA:33,0
DA:35,0
DA:37,0
DA:41,0
LF:10
LH:0
end_of_record
SF:lib/src/presentation/blocs/dashboard_datepicker/dashboard_datepicker_state.dart
DA:6,0
DA:10,0
DA:11,0
DA:17,0
DA:19,0
DA:27,0
DA:29,0
DA:37,0
DA:39,0
DA:40,0
LF:10
LH:0
end_of_record
SF:lib/src/presentation/blocs/dashboard_datepicker/dashboard_datepicker_cubit.dart
DA:11,0
DA:12,0
DA:15,0
DA:17,0
DA:18,0
DA:21,0
DA:22,0
LF:7
LH:0
end_of_record
SF:lib/src/presentation/blocs/dashboard_filter/dashboard_filter_state.dart
DA:7,5
DA:12,0
DA:13,0
DA:20,5
DA:23,0
DA:33,0
DA:36,0
DA:47,0
DA:49,0
DA:50,0
LF:10
LH:2
end_of_record
SF:lib/src/presentation/blocs/dashboard_filter/dashboard_filter_cubit.dart
DA:22,0
DA:24,0
DA:26,0
DA:28,0
DA:30,0
DA:32,0
DA:33,0
DA:34,0
DA:36,0
DA:37,0
DA:38,0
DA:44,0
DA:46,0
DA:47,0
DA:48,0
DA:51,0
DA:52,0
LF:17
LH:0
end_of_record
SF:lib/src/presentation/blocs/dashboard_search/dashboard_search_state.dart
DA:5,5
DA:7,0
DA:8,0
DA:12,5
DA:19,5
DA:25,0
DA:27,0
DA:28,0
LF:8
LH:3
end_of_record
SF:lib/src/presentation/blocs/dashboard_search/dashboard_search_cubit.dart
DA:23,0
DA:26,0
DA:28,0
DA:29,0
DA:31,0
DA:33,0
DA:35,0
DA:36,0
DA:37,0
DA:39,0
DA:40,0
DA:41,0
DA:44,0
DA:46,0
DA:48,0
DA:55,0
LF:16
LH:0
end_of_record
SF:lib/src/presentation/blocs/document/document/document_state.dart
DA:4,0
DA:6,0
DA:7,0
DA:14,0
DA:18,0
DA:19,0
DA:27,0
LF:7
LH:0
end_of_record
SF:lib/src/presentation/blocs/document/document/document_cubit.dart
DA:20,0
DA:22,0
DA:24,0
DA:26,0
DA:28,0
DA:29,0
DA:30,0
DA:36,0
DA:37,0
DA:38,0
DA:39,0
LF:11
LH:0
end_of_record
SF:lib/src/presentation/blocs/document/document_search/document_search_state.dart
DA:4,0
DA:6,0
DA:7,0
DA:14,0
DA:18,0
DA:19,0
DA:27,0
LF:7
LH:0
end_of_record
SF:lib/src/presentation/blocs/document/document_search/document_search_cubit.dart
DA:18,0
DA:20,0
DA:22,0
DA:24,0
DA:26,0
DA:27,0
DA:28,0
DA:35,0
DA:36,0
DA:37,0
DA:38,0
LF:11
LH:0
end_of_record
SF:lib/src/presentation/blocs/document/document_sort/document_view_cubit.dart
DA:6,0
DA:8,0
DA:9,0
LF:3
LH:0
end_of_record
SF:lib/src/presentation/blocs/expense/expense_account/expense_account_state.dart
DA:6,5
DA:10,0
DA:11,0
DA:16,5
DA:25,0
DA:29,0
DA:31,0
DA:32,0
DA:39,0
LF:9
LH:2
end_of_record
SF:lib/src/presentation/blocs/expense/expense_account/expense_account_cubit.dart
DA:35,0
DA:45,0
DA:47,0
DA:53,0
DA:54,0
DA:59,0
DA:60,0
DA:61,0
DA:62,0
DA:64,0
DA:66,0
DA:68,0
DA:70,0
DA:73,0
DA:75,0
DA:77,0
DA:78,0
DA:80,0
DA:81,0
LF:19
LH:0
end_of_record
SF:lib/src/presentation/blocs/expense/expense_number_of_period/expense_number_of_period_state.dart
DA:6,5
DA:10,0
DA:11,0
DA:17,5
DA:19,0
DA:26,0
DA:28,0
DA:30,0
DA:31,0
DA:38,0
DA:40,0
LF:11
LH:2
end_of_record
SF:lib/src/presentation/blocs/expense/expense_number_of_period/expense_number_of_period_cubit.dart
DA:12,0
DA:14,0
DA:16,0
DA:18,0
LF:4
LH:0
end_of_record
SF:lib/src/presentation/blocs/expense/expense_report/expense_report_cubit.dart
DA:30,0
DA:34,0
DA:36,0
DA:42,0
DA:44,0
DA:45,0
DA:47,0
DA:48,0
DA:54,0
DA:55,0
DA:58,0
DA:59,0
DA:60,0
DA:62,0
DA:63,0
DA:64,0
DA:67,0
DA:68,0
DA:69,0
DA:70,0
DA:75,0
DA:81,0
DA:83,0
DA:84,0
DA:86,0
DA:88,0
DA:89,0
DA:90,0
DA:92,0
DA:93,0
DA:97,0
DA:98,0
DA:100,0
DA:101,0
DA:102,0
DA:103,0
DA:104,0
DA:105,0
DA:106,0
DA:107,0
DA:109,0
DA:111,0
DA:112,0
DA:114,0
DA:116,0
DA:118,0
DA:119,0
DA:121,0
DA:122,0
DA:126,0
DA:127,0
DA:129,0
DA:132,0
DA:136,0
DA:138,0
DA:141,0
DA:144,0
DA:147,0
DA:150,0
DA:153,0
DA:156,0
DA:159,0
DA:162,0
DA:165,0
DA:168,0
DA:171,0
DA:174,0
DA:179,0
DA:180,0
DA:181,0
DA:182,0
LF:71
LH:0
end_of_record
SF:lib/src/presentation/blocs/expense/expense_report/expense_report_state.dart
DA:5,5
DA:7,0
DA:8,0
DA:16,0
DA:18,0
DA:19,0
DA:25,0
DA:31,5
LF:8
LH:2
end_of_record
SF:lib/src/presentation/blocs/expense/expense_timestamp/expense_timestamp_cubit.dart
DA:7,0
DA:9,0
DA:11,0
DA:12,0
LF:4
LH:0
end_of_record
SF:lib/src/presentation/blocs/income/account_filter/income_filter_state.dart
DA:6,5
DA:10,0
DA:11,0
DA:16,5
DA:23,0
DA:25,0
DA:27,0
DA:28,0
DA:35,0
DA:37,0
LF:10
LH:2
end_of_record
SF:lib/src/presentation/blocs/income/account_filter/income_filter_cubit.dart
DA:13,0
DA:15,0
DA:17,0
DA:19,0
LF:4
LH:0
end_of_record
SF:lib/src/presentation/blocs/income/income_account/income_account_state.dart
DA:6,5
DA:10,0
DA:11,0
DA:16,5
DA:25,0
DA:29,0
DA:31,0
DA:32,0
DA:37,0
LF:9
LH:2
end_of_record
SF:lib/src/presentation/blocs/income/income_account/income_account_cubit.dart
DA:38,0
DA:47,0
DA:49,0
DA:52,0
DA:55,0
DA:56,0
DA:61,0
DA:62,0
DA:63,0
DA:64,0
DA:66,0
DA:68,0
DA:70,0
DA:72,0
DA:75,0
DA:77,0
DA:79,0
DA:80,0
DA:82,0
DA:83,0
LF:20
LH:0
end_of_record
SF:lib/src/presentation/blocs/income/income_period/income_period_state.dart
DA:6,5
DA:10,0
DA:11,0
DA:17,5
DA:19,0
DA:26,0
DA:28,0
DA:30,0
DA:31,0
DA:38,0
DA:40,0
LF:11
LH:2
end_of_record
SF:lib/src/presentation/blocs/income/income_period/income_period_cubit.dart
DA:12,0
DA:14,0
DA:15,0
DA:17,0
LF:4
LH:0
end_of_record
SF:lib/src/presentation/blocs/income/income_timestamp/income_timestamp_cubit.dart
DA:7,0
DA:9,0
DA:11,0
DA:12,0
LF:4
LH:0
end_of_record
SF:lib/src/presentation/blocs/investment_policy_statement/investment_policy_statement_grouping/investment_policy_statement_grouping_state.dart
DA:5,5
DA:7,0
DA:8,0
DA:15,0
DA:17,0
DA:19,0
DA:20,0
DA:26,0
DA:32,5
LF:9
LH:2
end_of_record
SF:lib/src/presentation/blocs/investment_policy_statement/investment_policy_statement_grouping/investment_policy_statement_grouping_cubit.dart
DA:57,0
DA:66,0
DA:68,0
DA:70,0
DA:73,0
DA:78,0
DA:80,0
DA:81,0
DA:82,0
DA:83,0
DA:85,0
DA:87,0
DA:88,0
DA:89,0
DA:90,0
DA:91,0
DA:94,0
DA:96,0
DA:98,0
DA:100,0
DA:102,0
DA:103,0
DA:104,0
DA:106,0
DA:110,0
DA:111,0
DA:114,0
DA:115,0
DA:116,0
DA:117,0
DA:120,0
DA:130,0
DA:131,0
DA:134,0
LF:34
LH:0
end_of_record
SF:lib/src/presentation/blocs/investment_policy_statement/investment_policy_statement_policy/investment_policy_statement_policy_state.dart
DA:6,5
DA:10,0
DA:11,0
DA:17,5
DA:19,0
DA:27,0
DA:29,0
DA:37,0
DA:39,0
DA:40,0
LF:10
LH:2
end_of_record
SF:lib/src/presentation/blocs/investment_policy_statement/investment_policy_statement_policy/investment_policy_statement_policy_cubit.dart
DA:14,0
DA:16,0
DA:18,0
DA:19,0
DA:22,0
LF:5
LH:0
end_of_record
SF:lib/src/presentation/blocs/investment_policy_statement/investment_policy_statement_report/investment_policy_statement_report_state.dart
DA:5,5
DA:7,0
DA:8,0
DA:16,0
DA:18,0
DA:19,0
DA:25,0
DA:31,5
LF:8
LH:2
end_of_record
SF:lib/src/presentation/blocs/investment_policy_statement/investment_policy_statement_report/investment_policy_statement_report_cubit.dart
DA:47,0
DA:53,0
DA:55,0
DA:61,0
DA:65,0
DA:66,0
DA:70,0
DA:72,0
DA:73,0
DA:75,0
DA:76,0
DA:80,0
DA:81,0
DA:82,0
DA:83,0
DA:86,0
DA:90,0
DA:91,0
DA:92,0
DA:93,0
LF:20
LH:0
end_of_record
SF:lib/src/presentation/blocs/investment_policy_statement/investment_policy_statement_tabbed/investment_policy_statement_tabbed_state.dart
DA:10,0
DA:18,0
DA:19,0
DA:29,0
DA:30,0
DA:38,0
DA:39,0
DA:45,0
DA:48,0
DA:52,0
DA:53,0
LF:11
LH:0
end_of_record
SF:lib/src/presentation/blocs/investment_policy_statement/investment_policy_statement_tabbed/investment_policy_statement_tabbed_cubit.dart
DA:42,0
DA:50,0
DA:52,0
DA:58,0
DA:63,0
DA:64,0
DA:65,0
DA:66,0
DA:69,0
DA:70,0
DA:71,0
DA:72,0
DA:73,0
DA:74,0
DA:76,0
DA:78,0
DA:79,0
DA:80,0
DA:81,0
DA:82,0
DA:86,0
DA:89,0
DA:90,0
DA:91,0
DA:92,0
DA:93,0
DA:101,0
DA:102,0
DA:103,0
DA:104,0
DA:105,0
LF:31
LH:0
end_of_record
SF:lib/src/presentation/blocs/investment_policy_statement/investment_policy_statement_timestamp/investment_policy_statement_timestamp_cubit.dart
DA:7,0
DA:9,0
DA:11,0
DA:12,0
LF:4
LH:0
end_of_record
SF:lib/src/presentation/blocs/net_worth/net_worth_timestamp/net_worth_timestamp_cubit.dart
DA:7,0
DA:9,0
DA:11,0
DA:12,0
LF:4
LH:0
end_of_record
SF:lib/src/presentation/blocs/performance/performance_grouping/performance_grouping_cubit.dart
DA:32,0
DA:39,0
DA:41,0
DA:43,0
DA:46,0
DA:51,0
DA:53,0
DA:54,0
DA:55,0
DA:56,0
DA:58,0
DA:90,0
DA:91,0
DA:94,0
LF:14
LH:0
end_of_record
SF:lib/src/presentation/blocs/performance/performance_grouping/performance_grouping_state.dart
DA:5,5
DA:7,0
DA:8,0
DA:15,0
DA:17,0
DA:19,0
DA:20,0
DA:26,0
DA:32,5
LF:9
LH:2
end_of_record
SF:lib/src/presentation/blocs/performance/performance_report/performance_report_cubit.dart
DA:34,0
DA:39,0
DA:41,0
DA:49,0
DA:51,0
DA:52,0
DA:54,0
DA:55,0
DA:59,0
DA:60,0
DA:61,0
DA:62,0
DA:63,0
DA:68,0
DA:69,0
DA:70,0
DA:71,0
LF:17
LH:0
end_of_record
SF:lib/src/presentation/blocs/performance/performance_report/performance_report_state.dart
DA:5,5
DA:7,0
DA:8,0
DA:16,0
DA:18,0
DA:19,0
DA:25,0
DA:31,5
LF:8
LH:2
end_of_record
SF:lib/src/presentation/blocs/performance/performance_tabbed/performance_tabbed_state.dart
DA:9,0
DA:16,0
DA:17,0
DA:26,0
DA:27,0
DA:34,0
DA:35,0
DA:41,0
DA:44,0
DA:48,0
DA:49,0
LF:11
LH:0
end_of_record
SF:lib/src/presentation/blocs/performance/performance_tabbed/performance_tabbed_cubit.dart
DA:33,0
DA:40,0
DA:42,0
DA:48,0
DA:53,0
DA:55,0
DA:56,0
DA:57,0
DA:58,0
DA:59,0
DA:63,0
DA:65,0
DA:66,0
DA:67,0
DA:68,0
DA:69,0
DA:71,0
DA:77,0
DA:78,0
DA:79,0
DA:80,0
LF:21
LH:0
end_of_record
SF:lib/src/services/biomatric_service.dart
DA:10,0
DA:12,0
DA:15,0
DA:16,0
DA:18,0
DA:23,0
DA:26,0
DA:27,0
DA:28,0
DA:29,0
DA:35,0
DA:38,0
DA:44,0
DA:45,0
DA:46,0
DA:47,0
DA:50,0
DA:51,0
DA:60,0
DA:63,0
DA:71,0
DA:72,0
DA:78,0
DA:79,0
LF:24
LH:0
end_of_record
SF:lib/src/presentation/blocs/authentication/reset_password/reset_password_state.dart
DA:5,5
DA:7,0
DA:8,0
DA:16,5
DA:18,0
DA:19,0
DA:25,0
DA:27,0
DA:28,0
DA:34,0
DA:36,0
DA:37,0
LF:12
LH:2
end_of_record
SF:lib/src/presentation/blocs/authentication/reset_password/reset_password_cubit.dart
DA:22,0
DA:26,0
DA:28,0
DA:35,0
DA:36,0
DA:38,0
DA:46,0
DA:47,0
DA:48,0
DA:49,0
DA:50,0
DA:51,0
DA:60,0
DA:62,0
DA:65,0
LF:15
LH:0
end_of_record
SF:lib/src/presentation/blocs/cash_balance/cash_balance_grouping/cash_balance_grouping_cubit.dart
DA:35,0
DA:42,0
DA:44,0
DA:46,0
DA:49,0
DA:54,0
DA:56,0
DA:57,0
DA:58,0
DA:59,0
DA:61,0
DA:63,0
DA:64,0
DA:65,0
DA:66,0
DA:67,0
DA:71,0
DA:73,0
DA:77,0
DA:78,0
DA:81,0
DA:82,0
DA:83,0
DA:84,0
DA:93,0
DA:94,0
DA:97,0
LF:27
LH:0
end_of_record
SF:lib/src/presentation/blocs/cash_balance/cash_balance_grouping/cash_balance_grouping_state.dart
DA:5,5
DA:7,0
DA:8,0
DA:15,0
DA:17,0
DA:19,0
DA:20,0
DA:26,0
DA:32,5
LF:9
LH:2
end_of_record
SF:lib/src/presentation/blocs/cash_balance/cash_balance_report/cash_balance_report_state.dart
DA:5,5
DA:7,0
DA:8,0
DA:16,0
DA:18,0
DA:19,0
DA:25,0
DA:31,5
LF:8
LH:2
end_of_record
SF:lib/src/presentation/blocs/cash_balance/cash_balance_report/cash_balance_report_cubit.dart
DA:33,0
DA:38,0
DA:40,0
DA:46,0
DA:48,0
DA:49,0
DA:51,0
DA:52,0
DA:58,0
DA:59,0
DA:62,0
DA:63,0
DA:64,0
DA:69,0
DA:70,0
DA:71,0
DA:72,0
LF:17
LH:0
end_of_record
SF:lib/src/presentation/blocs/cash_balance/cash_balance_sub_grouping/cash_balance_sub_grouping_state.dart
DA:6,5
DA:10,0
DA:11,0
DA:17,5
DA:19,0
DA:26,0
DA:28,0
DA:30,0
DA:31,0
DA:38,0
DA:40,0
LF:11
LH:2
end_of_record
SF:lib/src/presentation/blocs/cash_balance/cash_balance_sub_grouping/cash_balance_sub_grouping_cubit.dart
DA:17,0
DA:19,0
DA:21,0
DA:23,0
LF:4
LH:0
end_of_record
SF:lib/src/presentation/blocs/cash_balance/cash_balance_tabbed/cash_balance_tabbed_state.dart
DA:7,0
DA:9,0
DA:10,0
DA:18,0
DA:19,0
DA:21,0
DA:22,0
DA:28,0
DA:31,0
DA:35,0
DA:36,0
LF:11
LH:0
end_of_record
SF:lib/src/presentation/blocs/cash_balance/cash_balance_tabbed/cash_balance_tabbed_cubit.dart
DA:27,0
DA:31,0
DA:33,0
DA:39,0
DA:40,0
DA:44,0
DA:45,0
DA:46,0
DA:47,0
DA:51,0
DA:52,0
DA:53,0
DA:54,0
DA:55,0
DA:56,0
DA:58,0
DA:63,0
DA:64,0
DA:65,0
LF:19
LH:0
end_of_record
SF:lib/src/presentation/blocs/document/document_filter/document_filter_state.dart
DA:7,5
DA:12,0
DA:13,0
DA:20,5
DA:23,0
DA:33,0
DA:36,0
DA:47,0
DA:49,0
DA:50,0
LF:10
LH:2
end_of_record
SF:lib/src/presentation/blocs/document/document_filter/document_filter_cubit.dart
DA:22,0
DA:25,0
DA:27,0
DA:29,0
DA:31,0
DA:33,0
DA:34,0
DA:35,0
DA:37,0
DA:38,0
DA:39,0
DA:42,0
DA:46,0
DA:48,0
DA:49,0
DA:50,0
DA:53,0
DA:54,0
DA:58,0
LF:19
LH:0
end_of_record
SF:lib/src/presentation/blocs/document/document_view/document_view_cubit.dart
DA:6,0
DA:8,0
DA:9,0
LF:3
LH:0
end_of_record
SF:lib/src/presentation/blocs/expense/account_filter/expense_filter_state.dart
DA:6,5
DA:10,0
DA:11,0
DA:16,5
DA:23,0
DA:25,0
DA:27,0
DA:28,0
DA:35,0
DA:37,0
LF:10
LH:2
end_of_record
SF:lib/src/presentation/blocs/expense/account_filter/expense_filter_cubit.dart
DA:13,0
DA:15,0
DA:17,0
DA:19,0
LF:4
LH:0
end_of_record
SF:lib/src/presentation/blocs/expense/expense_period/expense_period_state.dart
DA:6,5
DA:10,0
DA:11,0
DA:17,5
DA:19,0
DA:26,0
DA:28,0
DA:30,0
DA:31,0
DA:38,0
DA:40,0
LF:11
LH:2
end_of_record
SF:lib/src/presentation/blocs/expense/expense_period/expense_period_cubit.dart
DA:12,0
DA:14,0
DA:15,0
DA:17,0
LF:4
LH:0
end_of_record
SF:lib/src/presentation/blocs/income/income_number_of_period/income_number_of_period_state.dart
DA:6,5
DA:10,0
DA:11,0
DA:17,5
DA:19,0
DA:26,0
DA:28,0
DA:30,0
DA:31,0
DA:38,0
DA:40,0
LF:11
LH:2
end_of_record
SF:lib/src/presentation/blocs/income/income_number_of_period/income_number_of_period_cubit.dart
DA:12,0
DA:14,0
DA:16,0
DA:18,0
LF:4
LH:0
end_of_record
SF:lib/src/presentation/blocs/income/income_report/income_report_state.dart
DA:5,0
DA:7,0
DA:8,0
DA:16,0
DA:18,0
DA:19,0
DA:25,0
DA:31,0
LF:8
LH:0
end_of_record
SF:lib/src/presentation/blocs/income/income_report/income_report_cubit.dart
DA:31,0
DA:35,0
DA:37,0
DA:43,0
DA:45,0
DA:46,0
DA:48,0
DA:49,0
DA:55,0
DA:56,0
DA:59,0
DA:60,0
DA:61,0
DA:63,0
DA:64,0
DA:65,0
DA:68,0
DA:69,0
DA:70,0
DA:71,0
DA:76,0
DA:82,0
DA:84,0
DA:85,0
DA:87,0
DA:89,0
DA:90,0
DA:91,0
DA:93,0
DA:94,0
DA:98,0
DA:99,0
DA:101,0
DA:102,0
DA:103,0
DA:104,0
DA:105,0
DA:106,0
DA:107,0
DA:108,0
DA:110,0
DA:112,0
DA:113,0
DA:115,0
DA:117,0
DA:119,0
DA:120,0
DA:122,0
DA:123,0
DA:127,0
DA:128,0
DA:130,0
DA:133,0
DA:137,0
DA:139,0
DA:142,0
DA:145,0
DA:148,0
DA:151,0
DA:154,0
DA:157,0
DA:160,0
DA:163,0
DA:166,0
DA:169,0
DA:172,0
DA:175,0
DA:180,0
DA:181,0
DA:182,0
DA:183,0
LF:71
LH:0
end_of_record
SF:lib/src/presentation/blocs/investment_policy_statement/investment_policy_statement_no_position/investment_policy_statement_no_position_cubit.dart
DA:16,0
DA:17,0
DA:19,0
DA:21,0
DA:23,0
DA:24,0
LF:6
LH:0
end_of_record
SF:lib/src/presentation/blocs/investment_policy_statement/investment_policy_statement_no_position/investment_policy_statement_no_position_state.dart
DA:6,5
DA:10,0
DA:11,0
DA:17,5
DA:19,0
DA:26,0
DA:28,0
DA:30,0
DA:31,0
LF:9
LH:2
end_of_record
SF:lib/src/presentation/blocs/investment_policy_statement/investment_policy_statement_sub_grouping/investment_policy_statement_sub_grouping_cubit.dart
DA:26,0
DA:28,0
DA:30,0
DA:32,0
LF:4
LH:0
end_of_record
SF:lib/src/presentation/blocs/investment_policy_statement/investment_policy_statement_sub_grouping/investment_policy_statement_sub_grouping_state.dart
DA:6,5
DA:10,0
DA:11,0
DA:17,5
DA:19,0
DA:26,0
DA:28,0
DA:30,0
DA:31,0
DA:38,0
DA:40,0
LF:11
LH:2
end_of_record
SF:lib/src/presentation/blocs/investment_policy_statement/investment_policy_statement_time_period/investment_policy_statement_time_period_state.dart
DA:6,5
DA:10,0
DA:11,0
DA:17,5
DA:19,0
DA:27,0
DA:29,0
DA:37,0
DA:39,0
DA:40,0
LF:10
LH:2
end_of_record
SF:lib/src/presentation/blocs/investment_policy_statement/investment_policy_statement_time_period/investment_policy_statement_time_period_cubit.dart
DA:13,0
DA:15,0
DA:17,0
DA:18,0
DA:21,0
LF:5
LH:0
end_of_record
SF:lib/src/presentation/blocs/loading/loading_cubit.dart
DA:4,0
DA:6,0
DA:8,0
LF:3
LH:0
end_of_record
SF:lib/src/presentation/blocs/net_worth/net_worth_grouping/net_worth_grouping_state.dart
DA:5,5
DA:7,0
DA:8,0
DA:15,0
DA:17,0
DA:19,0
DA:20,0
DA:26,0
DA:32,5
LF:9
LH:2
end_of_record
SF:lib/src/presentation/blocs/net_worth/net_worth_grouping/net_worth_grouping_cubit.dart
DA:37,0
DA:44,0
DA:46,0
DA:48,0
DA:51,0
DA:56,0
DA:58,0
DA:59,0
DA:60,0
DA:61,0
DA:63,0
DA:65,0
DA:66,0
DA:67,0
DA:68,0
DA:69,0
DA:73,0
DA:75,0
DA:80,0
DA:81,0
DA:82,0
DA:85,0
DA:86,0
DA:87,0
DA:88,0
DA:89,0
DA:92,0
DA:93,0
DA:102,0
DA:103,0
DA:106,0
DA:111,0
DA:117,0
DA:119,0
DA:121,0
DA:122,0
DA:123,0
DA:124,0
DA:125,0
DA:126,0
DA:127,0
DA:128,0
DA:129,0
DA:130,0
DA:134,0
DA:135,0
DA:137,0
LF:47
LH:0
end_of_record
SF:lib/src/presentation/blocs/net_worth/net_worth_number_of_period/net_worth_number_of_period_state.dart
DA:6,5
DA:10,0
DA:11,0
DA:17,5
DA:19,0
DA:26,0
DA:28,0
DA:30,0
DA:31,0
DA:38,0
DA:40,0
LF:11
LH:2
end_of_record
SF:lib/src/presentation/blocs/net_worth/net_worth_number_of_period/net_worth_number_of_period_cubit.dart
DA:12,0
DA:14,0
DA:16,0
DA:18,0
LF:4
LH:0
end_of_record
SF:lib/src/presentation/blocs/net_worth/net_worth_period/net_worth_period_state.dart
DA:6,5
DA:10,0
DA:11,0
DA:17,5
DA:19,0
DA:26,0
DA:28,0
DA:30,0
DA:31,0
DA:38,0
DA:40,0
LF:11
LH:2
end_of_record
SF:lib/src/presentation/blocs/net_worth/net_worth_period/net_worth_period_cubit.dart
DA:12,0
DA:14,0
DA:15,0
DA:17,0
LF:4
LH:0
end_of_record
SF:lib/src/presentation/blocs/net_worth/net_worth_report/net_worth_report_state.dart
DA:4,5
DA:6,0
DA:7,0
DA:14,0
DA:18,0
DA:19,0
DA:25,0
DA:31,5
LF:8
LH:2
end_of_record
SF:lib/src/presentation/blocs/net_worth/net_worth_report/net_worth_report_cubit.dart
DA:33,0
DA:38,0
DA:40,0
DA:46,0
DA:48,0
DA:49,0
DA:51,0
DA:52,0
DA:59,0
DA:60,0
DA:61,0
DA:64,0
DA:65,0
DA:66,0
DA:67,0
DA:71,0
DA:72,0
DA:73,0
DA:74,0
DA:77,0
DA:78,0
DA:79,0
DA:80,0
DA:81,0
DA:87,0
DA:95,0
DA:97,0
DA:98,0
DA:100,0
DA:102,0
DA:103,0
DA:104,0
DA:106,0
DA:107,0
DA:111,0
DA:112,0
DA:114,0
DA:120,0
DA:121,0
DA:123,0
DA:125,0
DA:126,0
DA:130,0
DA:131,0
DA:132,0
DA:134,0
DA:136,0
DA:137,0
DA:139,0
DA:141,0
DA:143,0
DA:144,0
DA:146,0
DA:147,0
DA:151,0
DA:152,0
DA:154,0
DA:157,0
DA:161,0
DA:163,0
DA:166,0
DA:169,0
DA:172,0
DA:175,0
DA:178,0
DA:181,0
DA:184,0
DA:187,0
DA:190,0
DA:193,0
DA:196,0
DA:199,0
DA:204,0
DA:205,0
DA:206,0
DA:207,0
LF:76
LH:0
end_of_record
SF:lib/src/presentation/blocs/net_worth/net_worth_sub_grouping/net_worth_sub_grouping_state.dart
DA:6,5
DA:10,0
DA:11,0
DA:17,5
DA:19,0
DA:26,0
DA:28,0
DA:30,0
DA:31,0
DA:38,0
DA:40,0
LF:11
LH:2
end_of_record
SF:lib/src/presentation/blocs/net_worth/net_worth_sub_grouping/net_worth_sub_grouping_cubit.dart
DA:12,0
DA:14,0
DA:16,0
DA:18,0
LF:4
LH:0
end_of_record
SF:lib/src/presentation/blocs/net_worth/net_worth_tabbed/net_worth_tabbed_state.dart
DA:7,0
DA:12,0
DA:13,0
DA:23,0
DA:30,0
DA:32,0
DA:33,0
DA:39,0
DA:42,0
DA:46,0
DA:47,0
LF:11
LH:0
end_of_record
SF:lib/src/presentation/blocs/net_worth/net_worth_tabbed/net_worth_tabbed_cubit.dart
DA:40,0
DA:50,0
DA:52,0
DA:58,0
DA:63,0
DA:65,0
DA:67,0
DA:71,0
DA:73,0
DA:75,0
DA:77,0
DA:78,0
DA:82,0
DA:83,0
DA:84,0
DA:85,0
DA:89,0
DA:90,0
DA:91,0
DA:92,0
DA:93,0
DA:94,0
DA:96,0
DA:104,0
DA:105,0
DA:106,0
DA:109,0
DA:110,0
LF:28
LH:0
end_of_record
SF:lib/src/presentation/blocs/notification/notification_state.dart
DA:4,0
DA:6,0
DA:7,0
DA:14,0
DA:18,0
DA:19,0
DA:27,0
LF:7
LH:0
end_of_record
SF:lib/src/presentation/blocs/notification/notification_cubit.dart
DA:21,0
DA:23,0
DA:25,0
DA:27,0
DA:29,0
DA:31,0
DA:32,0
DA:33,0
DA:34,0
LF:9
LH:0
end_of_record
SF:lib/src/presentation/blocs/performance/performance_timestamp/performance_timestamp_cubit.dart
DA:7,0
DA:9,0
DA:11,0
DA:12,0
LF:4
LH:0
end_of_record
SF:lib/src/presentation/blocs/performance/sort_by/sort_by_cubit.dart
DA:15,0
DA:17,0
DA:19,0
DA:21,0
LF:4
LH:0
end_of_record
SF:lib/src/presentation/blocs/performance/sort_by/sort_by_state.dart
DA:6,5
DA:10,0
DA:11,0
DA:17,5
DA:19,0
DA:26,0
DA:28,0
DA:30,0
DA:31,0
DA:38,0
DA:40,0
LF:11
LH:2
end_of_record
SF:lib/src/presentation/blocs/performance/top_item/top_item_state.dart
DA:6,5
DA:10,0
DA:11,0
DA:17,5
DA:19,0
DA:26,0
DA:28,0
DA:30,0
DA:31,0
DA:38,0
DA:40,0
LF:11
LH:2
end_of_record
SF:lib/src/presentation/blocs/performance/top_item/top_item_cubit.dart
DA:13,0
DA:15,0
DA:17,0
DA:19,0
LF:4
LH:0
end_of_record
SF:lib/src/presentation/blocs/timer/countdown_timer_state.dart
DA:4,0
DA:6,0
DA:7,0
DA:15,0
DA:23,0
DA:25,0
DA:26,0
LF:7
LH:0
end_of_record
SF:lib/src/presentation/blocs/timer/countdown_timer_cubit.dart
DA:12,0
DA:16,0
DA:17,0
DA:19,0
DA:21,0
DA:23,0
DA:24,0
DA:25,0
DA:26,0
DA:29,0
DA:30,0
DA:31,0
DA:37,0
DA:38,0
DA:41,0
DA:42,0
DA:43,0
DA:44,0
DA:45,0
DA:46,0
LF:20
LH:0
end_of_record
SF:lib/src/presentation/arguments/cash_balance_argument.dart
DA:11,0
LF:1
LH:0
end_of_record
SF:lib/src/presentation/arguments/expense_argument.dart
DA:8,0
LF:1
LH:0
end_of_record
SF:lib/src/presentation/arguments/income_argument.dart
DA:8,0
LF:1
LH:0
end_of_record
SF:lib/src/presentation/arguments/income_expense_argument.dart
DA:11,0
LF:1
LH:0
end_of_record
SF:lib/src/presentation/arguments/investment_policy_statement_argument.dart
DA:11,0
LF:1
LH:0
end_of_record
SF:lib/src/presentation/arguments/net_worth_argument.dart
DA:11,0
LF:1
LH:0
end_of_record
SF:lib/src/presentation/arguments/otp_arguments.dart
DA:5,0
LF:1
LH:0
end_of_record
SF:lib/src/presentation/arguments/performance_argument.dart
DA:11,0
LF:1
LH:0
end_of_record
SF:lib/src/presentation/arguments/reset_passoword_argument.dart
DA:12,0
LF:1
LH:0
end_of_record
SF:lib/src/presentation/routes/routes.dart
DA:35,0
DA:36,0
DA:37,0
DA:38,0
DA:39,0
DA:40,0
DA:41,0
DA:42,0
DA:43,0
DA:44,0
DA:45,0
DA:46,0
DA:47,0
DA:48,0
DA:49,0
DA:50,0
DA:51,0
DA:52,0
DA:53,0
DA:55,0
LF:20
LH:0
end_of_record
SF:lib/src/presentation/screens/loading/loading_screen.dart
DA:12,0
DA:14,0
DA:16,0
DA:17,0
DA:18,0
DA:20,0
DA:21,0
DA:23,0
DA:24,0
DA:25,0
DA:26,0
DA:27,0
DA:28,0
LF:13
LH:0
end_of_record
SF:lib/src/presentation/routes/fade_page_route_builder.dart
DA:7,0
DA:10,0
DA:11,0
DA:12,0
DA:13,0
DA:16,0
DA:17,0
DA:18,0
LF:8
LH:0
end_of_record
SF:lib/src/presentation/theme/app_theme.dart
DA:109,0
DA:111,0
DA:112,0
DA:115,0
DA:119,0
DA:120,0
DA:122,0
DA:124,0
DA:125,0
DA:126,0
DA:127,0
DA:129,0
DA:130,0
DA:132,0
DA:133,0
DA:139,0
DA:140,0
DA:142,0
DA:144,0
DA:145,0
DA:146,0
DA:149,0
DA:151,0
DA:152,0
DA:153,0
DA:154,0
DA:155,0
DA:157,0
DA:158,0
LF:29
LH:0
end_of_record
SF:lib/src/presentation/av_app_init.dart
DA:28,5
DA:29,0
DA:30,0
DA:41,0
DA:43,0
DA:45,0
DA:46,0
DA:47,0
DA:48,0
DA:49,0
DA:50,0
DA:51,0
DA:52,0
DA:53,0
DA:54,0
DA:55,0
DA:56,0
DA:60,0
DA:62,0
DA:63,0
DA:66,0
DA:68,0
DA:70,0
DA:71,0
DA:72,0
DA:73,0
DA:76,0
DA:77,0
DA:78,0
DA:79,0
DA:80,0
DA:81,0
DA:82,0
DA:83,0
DA:84,0
DA:85,0
DA:87,0
DA:88,0
DA:89,0
DA:90,0
DA:91,0
DA:98,0
DA:109,0
DA:110,0
DA:111,0
DA:112,0
DA:114,0
DA:116,0
DA:117,0
DA:119,0
LF:50
LH:1
end_of_record
SF:lib/src/presentation/theme/theme_color.dart
DA:6,0
LF:1
LH:0
end_of_record
SF:lib/src/presentation/widgets/logo.dart
DA:19,5
DA:23,0
DA:24,0
DA:26,0
DA:28,0
DA:29,0
DA:30,0
DA:32,0
DA:33,0
DA:34,0
DA:35,0
DA:36,0
DA:37,0
DA:40,0
DA:45,0
LF:15
LH:1
end_of_record
SF:lib/src/utilities/helper/ui_helper.dart
DA:9,0
DA:20,0
DA:21,0
DA:22,0
DA:23,0
DA:24,0
DA:25,0
DA:27,0
DA:28,0
DA:29,0
DA:30,0
DA:31,0
DA:32,0
DA:34,0
DA:35,0
LF:15
LH:0
end_of_record
SF:lib/src/presentation/screens/cash_balance_report/cash_balance_report_screen.dart
DA:30,0
DA:33,0
DA:35,0
DA:36,0
DA:46,0
DA:48,0
DA:49,0
DA:50,0
DA:51,0
DA:52,0
DA:53,0
DA:54,0
DA:55,0
DA:56,0
DA:59,0
DA:61,0
DA:62,0
DA:63,0
DA:64,0
DA:65,0
DA:66,0
DA:69,0
DA:71,0
DA:72,0
DA:73,0
DA:74,0
DA:76,0
DA:77,0
DA:79,0
DA:80,0
DA:82,0
DA:83,0
DA:85,0
DA:86,0
DA:89,0
DA:100,0
DA:103,0
DA:104,0
DA:105,0
DA:106,0
DA:107,0
DA:109,0
DA:110,0
DA:113,0
DA:114,0
DA:115,0
DA:118,0
DA:119,0
DA:120,0
DA:123,0
DA:124,0
DA:125,0
DA:126,0
DA:128,0
DA:129,0
DA:130,0
DA:134,0
DA:135,0
DA:136,0
DA:137,0
DA:138,0
DA:140,0
DA:141,0
DA:142,0
DA:148,0
DA:149,0
DA:150,0
DA:151,0
DA:152,0
DA:153,0
DA:155,0
DA:156,0
DA:161,0
DA:162,0
DA:163,0
DA:164,0
DA:165,0
DA:166,0
DA:167,0
DA:169,0
DA:170,0
DA:173,0
DA:175,0
DA:181,0
DA:184,0
DA:185,0
DA:186,0
DA:187,0
DA:192,0
DA:195,0
DA:199,0
DA:201,0
DA:202,0
DA:205,0
DA:206,0
DA:207,0
DA:210,0
DA:213,0
DA:215,0
DA:221,0
DA:224,0
LF:101
LH:0
end_of_record
SF:lib/src/presentation/screens/documents/documents_screen.dart
DA:25,5
DA:27,0
DA:28,0
DA:38,0
DA:40,0
DA:41,0
DA:42,0
DA:43,0
DA:44,0
DA:45,0
DA:46,0
DA:49,0
DA:51,0
DA:52,0
DA:53,0
DA:54,0
DA:55,0
DA:56,0
DA:59,0
DA:61,0
DA:62,0
DA:63,0
DA:64,0
DA:66,0
DA:67,0
DA:69,0
DA:70,0
DA:72,0
DA:73,0
DA:75,0
DA:76,0
DA:79,0
DA:90,0
DA:91,0
DA:92,0
DA:94,0
DA:95,0
DA:98,0
DA:99,0
DA:100,0
DA:103,0
DA:105,0
DA:106,0
DA:109,0
DA:110,0
DA:111,0
DA:112,0
DA:114,0
DA:115,0
DA:116,0
DA:120,0
DA:121,0
DA:122,0
DA:123,0
DA:124,0
DA:126,0
DA:127,0
DA:128,0
DA:135,0
DA:136,0
DA:137,0
DA:138,0
DA:139,0
DA:142,0
DA:143,0
LF:65
LH:1
end_of_record
SF:lib/src/presentation/screens/forgot_password/forgor_password_screen.dart
DA:19,5
DA:21,0
DA:22,0
DA:31,0
DA:33,0
DA:34,0
DA:35,0
DA:37,0
DA:38,0
DA:40,0
DA:43,0
DA:45,0
DA:46,0
DA:47,0
DA:49,0
DA:50,0
DA:51,0
DA:54,0
DA:56,0
DA:57,0
DA:58,0
DA:59,0
DA:61,0
DA:62,0
DA:65,0
DA:66,0
DA:69,0
DA:70,0
DA:71,0
DA:72,0
DA:75,0
DA:77,0
DA:79,0
DA:80,0
DA:82,0
DA:86,0
DA:88,0
DA:89,0
DA:92,0
DA:93,0
DA:94,0
DA:96,0
DA:98,0
DA:99,0
DA:102,0
DA:103,0
DA:104,0
DA:105,0
DA:118,0
DA:119,0
LF:50
LH:1
end_of_record
SF:lib/src/presentation/screens/hey_av/hey_av_screen.dart
DA:7,5
DA:9,0
DA:10,0
DA:14,0
DA:16,0
DA:17,0
DA:24,0
DA:25,0
DA:26,0
LF:9
LH:1
end_of_record
SF:lib/src/presentation/screens/net_worth_report/net_worth_report_screen.dart
DA:32,0
DA:35,0
DA:37,0
DA:38,0
DA:50,0
DA:52,0
DA:53,0
DA:54,0
DA:55,0
DA:56,0
DA:57,0
DA:58,0
DA:59,0
DA:60,0
DA:61,0
DA:62,0
DA:65,0
DA:67,0
DA:68,0
DA:69,0
DA:70,0
DA:71,0
DA:72,0
DA:73,0
DA:74,0
DA:77,0
DA:79,0
DA:80,0
DA:81,0
DA:82,0
DA:84,0
DA:85,0
DA:87,0
DA:88,0
DA:90,0
DA:91,0
DA:93,0
DA:94,0
DA:96,0
DA:97,0
DA:99,0
DA:100,0
DA:103,0
DA:114,0
DA:117,0
DA:118,0
DA:119,0
DA:120,0
DA:121,0
DA:123,0
DA:124,0
DA:127,0
DA:128,0
DA:129,0
DA:132,0
DA:133,0
DA:134,0
DA:137,0
DA:138,0
DA:139,0
DA:140,0
DA:142,0
DA:143,0
DA:144,0
DA:148,0
DA:149,0
DA:150,0
DA:151,0
DA:152,0
DA:154,0
DA:155,0
DA:156,0
DA:162,0
DA:163,0
DA:164,0
DA:165,0
DA:166,0
DA:167,0
DA:169,0
DA:170,0
DA:175,0
DA:176,0
DA:177,0
DA:178,0
DA:179,0
DA:180,0
DA:181,0
DA:183,0
DA:184,0
DA:187,0
DA:189,0
DA:190,0
DA:193,0
DA:194,0
DA:195,0
DA:196,0
DA:199,0
DA:202,0
DA:203,0
DA:204,0
DA:205,0
DA:211,0
DA:214,0
DA:215,0
DA:216,0
DA:221,0
DA:223,0
DA:224,0
DA:227,0
DA:228,0
DA:229,0
DA:232,0
DA:235,0
DA:237,0
DA:238,0
DA:241,0
DA:242,0
DA:243,0
DA:246,0
DA:249,0
DA:250,0
DA:251,0
LF:122
LH:0
end_of_record
SF:lib/src/presentation/screens/notifications/notifications_screen.dart
DA:16,5
DA:18,0
DA:19,0
DA:25,0
DA:27,0
DA:28,0
DA:29,0
DA:32,0
DA:34,0
DA:35,0
DA:38,0
DA:40,0
DA:51,0
DA:52,0
DA:53,0
DA:54,0
DA:57,0
DA:59,0
DA:60,0
DA:63,0
DA:64,0
DA:65,0
DA:68,0
DA:69,0
DA:70,0
DA:74,0
LF:26
LH:1
end_of_record
SF:lib/src/presentation/screens/performance_report/performance_report_screen.dart
DA:32,0
DA:35,0
DA:37,0
DA:38,0
DA:50,0
DA:52,0
DA:53,0
DA:54,0
DA:55,0
DA:56,0
DA:57,0
DA:58,0
DA:59,0
DA:60,0
DA:61,0
DA:62,0
DA:65,0
DA:67,0
DA:68,0
DA:69,0
DA:70,0
DA:71,0
DA:72,0
DA:73,0
DA:74,0
DA:78,0
DA:80,0
DA:81,0
DA:82,0
DA:83,0
DA:85,0
DA:86,0
DA:88,0
DA:89,0
DA:91,0
DA:92,0
DA:94,0
DA:95,0
DA:97,0
DA:98,0
DA:100,0
DA:101,0
DA:104,0
DA:109,0
DA:112,0
DA:113,0
DA:114,0
DA:115,0
DA:116,0
DA:118,0
DA:119,0
DA:122,0
DA:123,0
DA:124,0
DA:127,0
DA:128,0
DA:129,0
DA:132,0
DA:133,0
DA:134,0
DA:135,0
DA:137,0
DA:138,0
DA:139,0
DA:143,0
DA:144,0
DA:145,0
DA:146,0
DA:147,0
DA:149,0
DA:150,0
DA:151,0
DA:157,0
DA:158,0
DA:159,0
DA:160,0
DA:161,0
DA:162,0
DA:164,0
DA:165,0
DA:170,0
DA:171,0
DA:172,0
DA:173,0
DA:174,0
DA:175,0
DA:176,0
DA:178,0
DA:179,0
DA:182,0
DA:184,0
DA:185,0
DA:188,0
DA:189,0
DA:190,0
DA:191,0
DA:194,0
DA:197,0
DA:198,0
DA:199,0
DA:200,0
DA:213,0
DA:215,0
DA:216,0
DA:219,0
DA:220,0
DA:221,0
DA:224,0
DA:227,0
DA:229,0
DA:230,0
DA:233,0
DA:234,0
DA:235,0
LF:114
LH:0
end_of_record
SF:lib/src/presentation/screens/user_profile/user_profile_screen.dart
DA:18,5
DA:20,0
DA:21,0
DA:27,0
DA:28,0
DA:29,0
DA:30,0
DA:31,0
DA:32,0
DA:34,0
DA:35,0
DA:36,0
DA:37,0
DA:38,0
DA:39,0
DA:40,0
DA:41,0
DA:42,0
DA:44,0
DA:45,0
DA:46,0
DA:47,0
DA:48,0
DA:49,0
DA:56,0
DA:62,0
DA:64,0
DA:65,0
DA:70,0
DA:71,0
DA:72,0
DA:73,0
DA:74,0
DA:75,0
DA:76,0
DA:79,0
DA:80,0
DA:81,0
DA:84,0
DA:85,0
DA:86,0
DA:89,0
DA:90,0
DA:91,0
DA:92,0
DA:94,0
DA:95,0
DA:98,0
DA:99,0
DA:100,0
DA:101,0
DA:102,0
DA:104,0
DA:105,0
DA:110,0
DA:111,0
DA:112,0
DA:114,0
DA:115,0
DA:118,0
DA:120,0
DA:123,0
DA:127,0
DA:129,0
DA:130,0
DA:133,0
DA:135,0
DA:138,0
LF:68
LH:1
end_of_record
SF:lib/src/presentation/screens/authentication/login_screen.dart
DA:30,5
DA:34,0
DA:35,0
DA:41,0
DA:44,0
DA:45,0
DA:47,0
DA:49,0
DA:52,0
DA:55,0
DA:57,0
DA:60,0
DA:62,0
DA:65,0
DA:66,0
DA:67,0
DA:68,0
DA:71,0
DA:73,0
DA:74,0
DA:77,0
DA:78,0
DA:79,0
DA:82,0
DA:83,0
DA:84,0
DA:85,0
DA:86,0
DA:87,0
DA:88,0
DA:89,0
DA:91,0
DA:92,0
DA:93,0
DA:94,0
DA:97,0
DA:98,0
DA:99,0
DA:102,0
DA:103,0
DA:105,0
DA:110,0
DA:111,0
DA:112,0
DA:113,0
DA:119,0
DA:122,0
DA:137,0
DA:144,0
DA:145,0
DA:148,0
DA:149,0
LF:52
LH:1
end_of_record
SF:lib/src/presentation/screens/dashboard/dashboard_screen.dart
DA:33,5
DA:34,0
DA:35,0
DA:44,0
DA:46,0
DA:47,0
DA:48,0
DA:49,0
DA:50,0
DA:51,0
DA:52,0
DA:53,0
DA:55,0
DA:57,0
DA:61,0
DA:63,0
DA:64,0
DA:65,0
DA:69,0
DA:72,0
DA:73,0
DA:74,0
DA:75,0
DA:77,0
DA:78,0
DA:80,0
DA:81,0
DA:83,0
DA:84,0
DA:87,0
DA:88,0
DA:91,0
DA:92,0
DA:104,0
DA:105,0
DA:106,0
DA:107,0
DA:108,0
DA:109,0
DA:112,0
DA:113,0
DA:114,0
DA:117,0
DA:118,0
DA:119,0
DA:123,0
DA:124,0
DA:125,0
DA:127,0
DA:128,0
DA:129,0
DA:132,0
DA:133,0
DA:134,0
DA:135,0
DA:137,0
DA:138,0
DA:139,0
DA:142,0
DA:143,0
DA:144,0
DA:145,0
DA:146,0
DA:148,0
DA:149,0
DA:150,0
DA:155,0
DA:156,0
DA:157,0
DA:158,0
DA:159,0
DA:160,0
DA:161,0
DA:162,0
DA:163,0
DA:169,0
DA:170,0
DA:172,0
LF:78
LH:1
end_of_record
SF:lib/src/presentation/screens/income_expense/income_expense_screen.dart
DA:41,0
DA:43,0
DA:44,0
DA:63,0
DA:65,0
DA:66,0
DA:67,0
DA:68,0
DA:69,0
DA:70,0
DA:71,0
DA:72,0
DA:73,0
DA:74,0
DA:75,0
DA:76,0
DA:77,0
DA:80,0
DA:82,0
DA:83,0
DA:84,0
DA:85,0
DA:87,0
DA:88,0
DA:90,0
DA:91,0
DA:93,0
DA:94,0
DA:96,0
DA:97,0
DA:99,0
DA:100,0
DA:102,0
DA:103,0
DA:105,0
DA:106,0
DA:108,0
DA:109,0
DA:111,0
DA:112,0
DA:114,0
DA:115,0
DA:117,0
DA:118,0
DA:122,0
DA:123,0
DA:126,0
DA:127,0
DA:128,0
DA:129,0
DA:130,0
DA:131,0
DA:133,0
DA:134,0
DA:137,0
DA:138,0
DA:139,0
DA:142,0
DA:143,0
DA:144,0
DA:147,0
DA:148,0
DA:149,0
DA:150,0
DA:152,0
DA:153,0
DA:156,0
DA:157,0
DA:158,0
DA:159,0
DA:160,0
DA:162,0
DA:163,0
DA:168,0
DA:169,0
DA:170,0
DA:171,0
DA:172,0
DA:173,0
DA:175,0
DA:176,0
DA:178,0
DA:180,0
DA:181,0
DA:185,0
DA:186,0
DA:187,0
DA:188,0
DA:189,0
DA:190,0
DA:191,0
DA:193,0
DA:194,0
DA:197,0
DA:199,0
DA:200,0
DA:203,0
DA:204,0
DA:205,0
DA:206,0
DA:207,0
DA:208,0
DA:209,0
DA:210,0
DA:213,0
DA:216,0
DA:217,0
DA:218,0
DA:219,0
DA:221,0
DA:222,0
DA:223,0
DA:224,0
DA:225,0
DA:226,0
DA:227,0
DA:232,0
DA:233,0
DA:234,0
DA:235,0
DA:236,0
DA:237,0
DA:238,0
DA:239,0
DA:242,0
DA:243,0
DA:244,0
DA:245,0
DA:246,0
DA:247,0
DA:249,0
DA:250,0
DA:255,0
DA:256,0
DA:257,0
DA:258,0
DA:259,0
DA:262,0
DA:263,0
DA:264,0
DA:265,0
DA:266,0
DA:267,0
DA:269,0
DA:270,0
DA:281,0
DA:282,0
DA:283,0
DA:285,0
DA:286,0
DA:287,0
DA:288,0
DA:289,0
DA:290,0
DA:291,0
DA:296,0
DA:297,0
DA:298,0
DA:299,0
DA:300,0
DA:301,0
DA:302,0
DA:303,0
DA:306,0
DA:307,0
DA:308,0
DA:309,0
DA:310,0
DA:311,0
DA:313,0
DA:314,0
DA:319,0
DA:320,0
DA:321,0
DA:322,0
DA:323,0
DA:324,0
DA:327,0
DA:328,0
DA:329,0
DA:330,0
DA:331,0
DA:332,0
DA:334,0
DA:335,0
DA:349,0
DA:352,0
DA:353,0
DA:354,0
DA:355,0
DA:356,0
DA:357,0
DA:362,0
DA:364,0
DA:365,0
DA:368,0
DA:369,0
DA:370,0
DA:372,0
DA:373,0
DA:374,0
DA:375,0
DA:376,0
DA:377,0
DA:378,0
DA:383,0
DA:384,0
DA:385,0
DA:386,0
DA:387,0
DA:388,0
DA:389,0
DA:392,0
DA:393,0
DA:394,0
DA:395,0
DA:396,0
DA:397,0
DA:399,0
DA:400,0
DA:405,0
DA:406,0
DA:407,0
DA:408,0
DA:409,0
DA:412,0
DA:413,0
DA:414,0
DA:415,0
DA:416,0
DA:417,0
DA:419,0
DA:420,0
DA:431,0
DA:434,0
DA:436,0
DA:437,0
LF:237
LH:0
end_of_record
SF:lib/src/presentation/screens/investment_policy_statement_report/ips_report_screen.dart
DA:34,0
DA:37,0
DA:39,0
DA:40,0
DA:53,0
DA:55,0
DA:56,0
DA:57,0
DA:58,0
DA:59,0
DA:60,0
DA:61,0
DA:62,0
DA:63,0
DA:64,0
DA:65,0
DA:66,0
DA:69,0
DA:71,0
DA:72,0
DA:73,0
DA:74,0
DA:75,0
DA:76,0
DA:77,0
DA:78,0
DA:79,0
DA:82,0
DA:84,0
DA:85,0
DA:86,0
DA:87,0
DA:89,0
DA:90,0
DA:92,0
DA:93,0
DA:95,0
DA:96,0
DA:98,0
DA:99,0
DA:101,0
DA:102,0
DA:104,0
DA:105,0
DA:107,0
DA:108,0
DA:111,0
DA:116,0
DA:119,0
DA:120,0
DA:121,0
DA:122,0
DA:123,0
DA:125,0
DA:126,0
DA:129,0
DA:130,0
DA:131,0
DA:134,0
DA:135,0
DA:136,0
DA:139,0
DA:140,0
DA:141,0
DA:142,0
DA:144,0
DA:145,0
DA:146,0
DA:150,0
DA:151,0
DA:152,0
DA:153,0
DA:154,0
DA:156,0
DA:157,0
DA:158,0
DA:164,0
DA:165,0
DA:166,0
DA:167,0
DA:168,0
DA:169,0
DA:171,0
DA:172,0
DA:177,0
DA:178,0
DA:179,0
DA:180,0
DA:181,0
DA:182,0
DA:183,0
DA:185,0
DA:186,0
DA:189,0
DA:191,0
DA:192,0
DA:195,0
DA:196,0
DA:197,0
DA:200,0
DA:203,0
DA:204,0
DA:205,0
DA:206,0
DA:219,0
DA:221,0
DA:222,0
DA:225,0
DA:226,0
DA:227,0
DA:230,0
DA:233,0
DA:235,0
DA:236,0
DA:239,0
DA:240,0
DA:241,0
LF:117
LH:0
end_of_record
SF:lib/src/presentation/screens/reset_password/reset_password_screen.dart
DA:20,0
DA:22,0
DA:23,0
DA:38,0
DA:40,0
DA:41,0
DA:42,0
DA:43,0
DA:44,0
DA:45,0
DA:46,0
DA:47,0
DA:49,0
DA:50,0
DA:52,0
DA:53,0
DA:56,0
DA:58,0
DA:59,0
DA:60,0
DA:61,0
DA:62,0
DA:63,0
DA:64,0
DA:65,0
DA:66,0
DA:67,0
DA:70,0
DA:72,0
DA:73,0
DA:74,0
DA:76,0
DA:77,0
DA:78,0
DA:80,0
DA:82,0
DA:84,0
DA:85,0
DA:86,0
DA:87,0
DA:88,0
DA:89,0
DA:91,0
DA:92,0
DA:93,0
DA:94,0
DA:97,0
DA:98,0
DA:99,0
DA:100,0
DA:101,0
DA:104,0
DA:105,0
DA:106,0
DA:107,0
DA:108,0
DA:109,0
DA:110,0
DA:112,0
DA:114,0
DA:119,0
DA:120,0
DA:121,0
DA:122,0
DA:124,0
DA:126,0
DA:127,0
DA:132,0
DA:133,0
DA:136,0
DA:137,0
DA:141,0
DA:142,0
DA:143,0
DA:145,0
DA:147,0
DA:148,0
DA:153,0
DA:154,0
DA:157,0
DA:158,0
DA:162,0
DA:163,0
DA:164,0
DA:166,0
DA:168,0
DA:169,0
DA:171,0
DA:173,0
DA:178,0
DA:179,0
DA:183,0
DA:184,0
DA:188,0
DA:189,0
DA:190,0
DA:192,0
DA:194,0
DA:195,0
DA:197,0
DA:199,0
DA:204,0
DA:205,0
DA:209,0
DA:212,0
DA:214,0
DA:215,0
DA:217,0
DA:218,0
DA:219,0
DA:220,0
DA:222,0
DA:223,0
DA:224,0
DA:225,0
DA:226,0
DA:227,0
DA:228,0
DA:229,0
DA:230,0
DA:231,0
DA:236,0
DA:237,0
DA:238,0
DA:241,0
DA:242,0
DA:243,0
DA:244,0
DA:245,0
DA:247,0
DA:248,0
DA:249,0
DA:251,0
DA:252,0
DA:254,0
LF:135
LH:0
end_of_record
SF:lib/src/presentation/screens/theme/theme_screen.dart
DA:11,5
DA:13,0
DA:14,0
DA:18,0
DA:20,0
DA:21,0
DA:23,0
LF:7
LH:1
end_of_record
SF:lib/src/presentation/screens/user_profile/privacy_policy/privacy_policy_screen.dart
DA:13,5
DA:15,0
DA:17,0
DA:18,0
DA:19,0
DA:22,0
DA:27,0
DA:28,0
DA:29,0
DA:31,0
DA:33,0
DA:36,0
DA:37,0
DA:38,0
LF:14
LH:1
end_of_record
SF:lib/src/presentation/screens/user_profile/terms_and_condition/terms_and_condition_screen.dart
DA:16,5
DA:18,0
DA:20,0
DA:21,0
DA:22,0
DA:25,0
DA:30,0
DA:31,0
DA:32,0
DA:34,0
DA:36,0
DA:39,0
DA:40,0
DA:41,0
LF:14
LH:1
end_of_record
SF:lib/src/presentation/screens/authentication/biomatric_options.dart
DA:10,5
DA:12,0
DA:14,0
DA:16,0
DA:17,0
DA:18,0
DA:19,0
DA:21,0
DA:22,0
DA:23,0
DA:24,0
DA:29,0
DA:30,0
DA:31,0
DA:33,0
DA:34,0
DA:35,0
DA:36,0
LF:18
LH:1
end_of_record
SF:lib/src/presentation/screens/authentication/login_form.dart
DA:28,0
DA:32,0
DA:34,0
DA:35,0
DA:49,0
DA:52,0
DA:53,0
DA:54,0
DA:55,0
DA:57,0
DA:71,0
DA:72,0
DA:73,0
DA:76,0
DA:77,0
DA:78,0
DA:79,0
DA:83,0
DA:86,0
DA:87,0
DA:88,0
DA:89,0
DA:91,0
DA:92,0
DA:93,0
DA:96,0
DA:98,0
DA:100,0
DA:101,0
DA:102,0
DA:103,0
DA:104,0
DA:105,0
DA:106,0
DA:109,0
DA:110,0
DA:111,0
DA:113,0
DA:114,0
DA:115,0
DA:117,0
DA:119,0
DA:120,0
DA:122,0
DA:127,0
DA:128,0
DA:129,0
DA:131,0
DA:133,0
DA:135,0
DA:137,0
DA:142,0
DA:143,0
DA:144,0
DA:146,0
DA:148,0
DA:149,0
DA:151,0
DA:156,0
DA:158,0
DA:159,0
DA:160,0
DA:164,0
DA:165,0
DA:171,0
DA:173,0
DA:174,0
DA:176,0
DA:177,0
DA:178,0
DA:179,0
DA:181,0
DA:182,0
DA:183,0
DA:184,0
DA:185,0
DA:186,0
DA:187,0
DA:188,0
DA:195,0
DA:196,0
DA:197,0
DA:200,0
DA:201,0
DA:202,0
DA:203,0
DA:204,0
DA:206,0
DA:207,0
DA:208,0
DA:210,0
DA:211,0
DA:212,0
DA:214,0
DA:216,0
DA:217,0
DA:219,0
DA:220,0
DA:221,0
DA:222,0
DA:223,0
DA:224,0
LF:102
LH:0
end_of_record
SF:lib/src/presentation/theme/theme_text.dart
DA:8,0
DA:10,0
DA:12,0
DA:13,0
DA:14,0
DA:18,0
DA:19,0
DA:20,0
DA:24,0
DA:25,0
DA:26,0
DA:30,0
DA:31,0
DA:32,0
DA:36,0
DA:37,0
DA:38,0
DA:42,0
DA:43,0
DA:44,0
DA:48,0
DA:49,0
DA:50,0
DA:57,0
DA:58,0
DA:59,0
DA:66,0
DA:67,0
DA:68,0
DA:75,0
DA:76,0
DA:77,0
DA:84,0
DA:85,0
DA:86,0
DA:93,0
DA:94,0
DA:95,0
DA:102,0
DA:103,0
DA:104,0
DA:111,0
DA:112,0
DA:113,0
DA:120,0
DA:121,0
DA:122,0
DA:129,0
DA:130,0
DA:131,0
DA:132,0
DA:133,0
DA:134,0
DA:135,0
DA:136,0
DA:137,0
DA:138,0
DA:139,0
DA:140,0
DA:141,0
DA:142,0
DA:143,0
DA:144,0
DA:147,0
DA:148,0
DA:149,0
DA:150,0
DA:151,0
DA:152,0
DA:153,0
DA:154,0
DA:155,0
DA:156,0
DA:157,0
DA:158,0
DA:159,0
DA:160,0
DA:161,0
DA:162,0
DA:167,0
DA:169,0
LF:81
LH:0
end_of_record
SF:lib/src/utilities/helper/flash_helper.dart
DA:10,0
DA:11,0
DA:16,0
DA:18,0
LF:4
LH:0
end_of_record
SF:lib/src/presentation/widgets/button.dart
DA:17,0
DA:23,0
DA:25,0
DA:27,0
DA:29,0
DA:30,0
DA:32,0
DA:33,0
DA:36,0
DA:37,0
DA:38,0
DA:39,0
DA:40,0
DA:41,0
LF:14
LH:0
end_of_record
SF:lib/src/presentation/widgets/entry_field.dart
DA:44,0
DA:77,0
DA:78,0
DA:82,0
DA:83,0
DA:85,0
DA:86,0
DA:87,0
DA:89,0
DA:91,0
DA:92,0
DA:93,0
DA:94,0
DA:95,0
DA:96,0
DA:98,0
DA:99,0
DA:101,0
DA:102,0
DA:103,0
DA:104,0
DA:105,0
DA:106,0
DA:107,0
DA:109,0
DA:110,0
DA:111,0
DA:112,0
DA:114,0
DA:115,0
DA:116,0
DA:117,0
DA:118,0
DA:119,0
DA:122,0
DA:123,0
DA:124,0
DA:125,0
DA:158,0
DA:159,0
DA:160,0
DA:161,0
DA:162,0
DA:164,0
DA:165,0
DA:168,0
DA:169,0
DA:170,0
DA:171,0
DA:174,0
LF:50
LH:0
end_of_record
SF:lib/src/presentation/screens/authentication/login_input_field.dart
DA:22,0
DA:35,0
DA:37,0
DA:38,0
DA:44,0
DA:46,0
DA:47,0
DA:48,0
DA:49,0
DA:50,0
DA:51,0
DA:52,0
DA:53,0
DA:54,0
DA:55,0
DA:80,0
DA:81,0
DA:82,0
DA:83,0
DA:84,0
DA:85,0
DA:87,0
DA:88,0
DA:89,0
DA:90,0
DA:93,0
LF:26
LH:0
end_of_record
SF:lib/src/presentation/screens/authentication/login_label.dart
DA:10,0
DA:13,0
DA:15,0
DA:17,0
DA:18,0
DA:19,0
DA:22,0
DA:23,0
DA:24,0
DA:26,0
DA:27,0
LF:11
LH:0
end_of_record
SF:lib/src/presentation/widgets/mobile_entry_text_field.dart
DA:43,0
DA:76,0
DA:77,0
DA:81,0
DA:82,0
DA:84,0
DA:85,0
DA:87,0
DA:89,0
DA:90,0
DA:91,0
DA:92,0
DA:93,0
DA:95,0
DA:98,0
DA:100,0
DA:101,0
DA:103,0
DA:104,0
DA:105,0
DA:106,0
DA:107,0
DA:109,0
DA:110,0
DA:112,0
DA:113,0
DA:114,0
DA:115,0
DA:116,0
DA:117,0
DA:118,0
DA:120,0
DA:121,0
DA:122,0
DA:123,0
DA:125,0
DA:126,0
DA:127,0
DA:128,0
DA:129,0
DA:130,0
DA:133,0
DA:134,0
DA:135,0
DA:136,0
DA:169,0
DA:170,0
DA:171,0
DA:172,0
DA:173,0
DA:175,0
DA:176,0
DA:179,0
DA:180,0
DA:181,0
DA:182,0
DA:185,0
LF:57
LH:0
end_of_record
SF:lib/src/presentation/screens/cash_balance_report/cash_balance_grouping_item.dart
DA:27,0
DA:35,0
DA:37,0
DA:39,0
DA:40,0
DA:41,0
DA:42,0
DA:43,0
DA:47,0
DA:48,0
DA:49,0
DA:50,0
DA:51,0
DA:52,0
DA:54,0
DA:55,0
DA:56,0
DA:57,0
DA:58,0
DA:62,0
DA:63,0
DA:64,0
DA:65,0
DA:66,0
DA:67,0
DA:70,0
DA:71,0
DA:72,0
DA:73,0
DA:83,0
DA:84,0
DA:85,0
DA:86,0
DA:87,0
DA:88,0
DA:89,0
DA:90,0
DA:91,0
DA:92,0
DA:96,0
DA:97,0
DA:98,0
DA:99,0
DA:104,0
DA:105,0
DA:106,0
DA:119,0
DA:123,0
DA:126,0
DA:129,0
DA:132,0
DA:135,0
DA:138,0
LF:53
LH:0
end_of_record
SF:lib/src/presentation/screens/cash_balance_report/cash_balance_grouping_list.dart
DA:26,0
DA:31,0
DA:33,0
DA:34,0
DA:39,0
DA:41,0
DA:44,0
DA:46,0
DA:47,0
DA:48,0
DA:50,0
DA:51,0
DA:52,0
DA:53,0
DA:54,0
DA:55,0
DA:56,0
DA:61,0
DA:62,0
DA:63,0
DA:64,0
DA:65,0
DA:66,0
DA:67,0
DA:68,0
DA:69,0
DA:71,0
DA:72,0
DA:73,0
DA:74,0
DA:77,0
DA:78,0
DA:79,0
DA:80,0
DA:82,0
DA:83,0
DA:84,0
DA:88,0
DA:89,0
DA:90,0
DA:91,0
DA:92,0
DA:93,0
DA:94,0
DA:95,0
DA:96,0
DA:99,0
DA:100,0
DA:102,0
DA:108,0
DA:109,0
DA:110,0
DA:111,0
DA:112,0
DA:115,0
DA:116,0
DA:118,0
DA:124,0
DA:125,0
DA:126,0
DA:127,0
DA:128,0
DA:131,0
DA:132,0
DA:134,0
DA:142,0
DA:143,0
DA:144,0
DA:145,0
DA:146,0
DA:147,0
DA:148,0
DA:149,0
DA:150,0
DA:151,0
DA:152,0
DA:155,0
DA:156,0
DA:157,0
DA:158,0
DA:159,0
DA:160,0
DA:163,0
DA:164,0
DA:166,0
DA:172,0
DA:173,0
DA:174,0
[...]
LF:282
LH:0
end_of_record
SF:lib/src/presentation/screens/investment_policy_statement_report/item_widget.dart
DA:29,0
DA:37,0
DA:39,0
DA:41,0
DA:42,0
DA:43,0
DA:44,0
DA:45,0
DA:49,0
DA:50,0
DA:51,0
DA:52,0
DA:53,0
DA:54,0
DA:56,0
DA:57,0
DA:58,0
DA:59,0
DA:60,0
DA:64,0
DA:65,0
DA:66,0
DA:67,0
DA:68,0
DA:69,0
DA:72,0
DA:73,0
DA:74,0
DA:75,0
DA:85,0
DA:86,0
DA:87,0
DA:88,0
DA:89,0
DA:91,0
DA:92,0
DA:93,0
DA:94,0
DA:95,0
DA:99,0
DA:100,0
DA:101,0
DA:102,0
DA:107,0
DA:108,0
DA:109,0
DA:122,0
DA:126,0
DA:129,0
DA:132,0
DA:135,0
DA:138,0
LF:52
LH:0
end_of_record
SF:lib/src/presentation/screens/loading/loading_circle.dart
DA:9,0
DA:11,0
LF:2
LH:0
end_of_record
SF:lib/src/presentation/screens/navigation_drawer/drawer_item.dart
DA:17,0
DA:22,0
DA:24,0
DA:26,0
DA:27,0
DA:28,0
DA:29,0
DA:30,0
DA:31,0
DA:32,0
DA:33,0
DA:34,0
DA:35,0
LF:13
LH:0
end_of_record
SF:lib/src/presentation/screens/net_worth_report/net_worth_chart_widget.dart
DA:34,0
DA:38,0
DA:40,0
DA:41,0
DA:220,0
DA:223,0
DA:224,0
DA:226,0
DA:229,0
DA:231,0
DA:237,0
DA:271,0
DA:274,0
DA:276,0
DA:278,0
DA:279,0
DA:280,0
DA:281,0
DA:282,0
DA:283,0
DA:284,0
DA:285,0
DA:286,0
DA:287,0
DA:288,0
DA:289,0
DA:292,0
DA:293,0
DA:294,0
DA:295,0
DA:296,0
DA:297,0
DA:298,0
DA:299,0
DA:300,0
DA:303,0
DA:304,0
DA:305,0
DA:307,0
DA:313,0
DA:314,0
DA:315,0
DA:316,0
DA:317,0
DA:320,0
DA:321,0
DA:322,0
DA:324,0
DA:330,0
DA:331,0
DA:332,0
DA:333,0
DA:334,0
DA:337,0
DA:338,0
DA:339,0
DA:341,0
DA:347,0
DA:348,0
DA:349,0
DA:350,0
DA:351,0
DA:354,0
DA:355,0
DA:356,0
DA:358,0
DA:369,0
DA:370,0
DA:375,0
DA:377,0
DA:378,0
DA:379,0
DA:380,0
DA:381,0
DA:382,0
DA:383,0
DA:384,0
DA:385,0
DA:386,0
DA:387,0
DA:388,0
DA:389,0
DA:391,0
DA:392,0
DA:393,0
DA:394,0
DA:395,0
DA:396,0
DA:399,0
DA:408,0
DA:409,0
DA:410,0
DA:415,0
DA:416,0
DA:417,0
DA:418,0
DA:420,0
DA:428,0
DA:429,0
DA:435,0
DA:436,0
DA:438,0
DA:440,0
DA:445,0
DA:447,0
DA:448,0
DA:450,0
DA:451,0
DA:453,0
DA:459,0
DA:463,0
DA:464,0
DA:472,0
DA:473,0
DA:476,0
DA:478,0
DA:479,0
DA:480,0
DA:561,0
DA:562,0
DA:563,0
DA:564,0
DA:565,0
DA:567,0
DA:568,0
DA:569,0
DA:576,0
DA:577,0
DA:578,0
DA:579,0
DA:580,0
DA:581,0
DA:582,0
DA:584,0
DA:585,0
DA:586,0
DA:591,0
DA:592,0
DA:594,0
DA:596,0
DA:599,0
DA:612,0
DA:613,0
DA:630,0
DA:633,0
DA:634,0
DA:641,0
DA:642,0
DA:643,0
DA:644,0
DA:645,0
DA:646,0
DA:647,0
DA:648,0
DA:649,0
DA:650,0
DA:651,0
DA:652,0
DA:653,0
DA:656,0
DA:657,0
DA:658,0
DA:659,0
DA:660,0
DA:661,0
DA:662,0
DA:663,0
DA:664,0
DA:666,0
DA:667,0
DA:668,0
DA:670,0
DA:671,0
DA:672,0
DA:683,0
DA:684,0
DA:685,0
DA:686,0
DA:688,0
DA:689,0
DA:690,0
DA:692,0
DA:693,0
DA:694,0
DA:708,0
DA:710,0
DA:712,0
DA:713,0
LF:188
LH:0
end_of_record
SF:lib/src/presentation/screens/net_worth_report/period_tabbed_widget.dart
DA:29,0
DA:37,0
DA:39,0
DA:40,0
DA:44,0
DA:46,0
DA:47,0
DA:48,0
DA:49,0
DA:50,0
DA:52,0
DA:53,0
DA:54,0
DA:55,0
DA:56,0
DA:57,0
DA:66,0
DA:68,0
DA:69,0
DA:70,0
DA:71,0
DA:72,0
DA:73,0
DA:74,0
DA:78,0
DA:79,0
DA:80,0
DA:81,0
DA:82,0
DA:84,0
DA:85,0
DA:86,0
DA:93,0
DA:94,0
DA:95,0
DA:96,0
DA:97,0
DA:98,0
DA:107,0
DA:109,0
DA:110,0
DA:111,0
DA:112,0
DA:113,0
DA:114,0
DA:115,0
DA:119,0
DA:120,0
DA:121,0
DA:122,0
DA:123,0
DA:125,0
DA:126,0
DA:127,0
DA:134,0
DA:135,0
DA:136,0
DA:137,0
DA:138,0
DA:139,0
DA:148,0
DA:150,0
DA:151,0
DA:152,0
DA:153,0
DA:154,0
DA:155,0
DA:156,0
DA:160,0
DA:161,0
DA:162,0
DA:163,0
DA:164,0
DA:166,0
DA:167,0
DA:168,0
DA:175,0
DA:176,0
DA:177,0
DA:178,0
DA:179,0
DA:180,0
DA:189,0
DA:191,0
DA:192,0
DA:193,0
DA:194,0
DA:195,0
DA:196,0
DA:197,0
DA:201,0
DA:202,0
DA:203,0
DA:204,0
DA:205,0
DA:207,0
DA:208,0
DA:209,0
LF:98
LH:0
end_of_record
SF:lib/src/presentation/screens/net_worth_report/net_worth_grouping_item.dart
DA:27,0
DA:35,0
DA:37,0
DA:39,0
DA:40,0
DA:41,0
DA:42,0
DA:43,0
DA:47,0
DA:48,0
DA:49,0
DA:50,0
DA:51,0
DA:52,0
DA:53,0
DA:54,0
DA:56,0
DA:57,0
DA:58,0
DA:59,0
DA:61,0
DA:62,0
DA:63,0
DA:64,0
DA:66,0
DA:67,0
DA:68,0
DA:69,0
DA:70,0
DA:72,0
DA:73,0
DA:77,0
DA:78,0
DA:79,0
DA:80,0
DA:81,0
DA:83,0
DA:85,0
DA:86,0
DA:87,0
DA:88,0
DA:89,0
DA:93,0
DA:94,0
DA:95,0
DA:96,0
DA:97,0
DA:98,0
DA:110,0
DA:111,0
DA:112,0
DA:113,0
DA:114,0
DA:115,0
DA:116,0
DA:117,0
DA:118,0
DA:119,0
DA:120,0
DA:122,0
DA:123,0
DA:124,0
DA:125,0
DA:127,0
DA:128,0
DA:129,0
DA:130,0
DA:131,0
DA:133,0
DA:134,0
DA:138,0
DA:139,0
DA:140,0
DA:142,0
DA:144,0
DA:145,0
DA:146,0
DA:147,0
DA:148,0
DA:153,0
DA:154,0
DA:155,0
DA:156,0
DA:157,0
DA:172,0
DA:176,0
DA:179,0
DA:182,0
DA:185,0
DA:188,0
LF:90
LH:0
end_of_record
SF:lib/src/presentation/screens/net_worth_report/net_worth_grouping_list.dart
DA:26,0
DA:31,0
DA:33,0
DA:34,0
DA:39,0
DA:41,0
DA:44,0
DA:46,0
DA:47,0
DA:48,0
DA:50,0
DA:51,0
DA:52,0
DA:53,0
DA:54,0
DA:55,0
DA:56,0
DA:61,0
DA:62,0
DA:63,0
DA:64,0
DA:65,0
DA:66,0
DA:67,0
DA:68,0
DA:69,0
DA:71,0
DA:72,0
DA:73,0
DA:74,0
DA:77,0
DA:78,0
DA:79,0
DA:80,0
DA:82,0
DA:83,0
DA:84,0
DA:88,0
DA:89,0
DA:90,0
DA:91,0
DA:92,0
DA:93,0
DA:94,0
DA:95,0
DA:96,0
DA:99,0
DA:100,0
DA:102,0
DA:108,0
DA:109,0
DA:110,0
DA:111,0
DA:112,0
DA:115,0
DA:116,0
DA:118,0
DA:124,0
DA:125,0
DA:126,0
DA:127,0
DA:128,0
DA:131,0
DA:132,0
DA:134,0
DA:142,0
DA:143,0
DA:144,0
DA:145,0
DA:146,0
DA:147,0
DA:148,0
DA:149,0
DA:150,0
DA:151,0
DA:152,0
DA:155,0
DA:156,0
DA:157,0
DA:158,0
DA:159,0
DA:160,0
DA:163,0
DA:164,0
DA:166,0
DA:172,0
DA:173,0
DA:174,0
DA:175,0
DA:178,0
DA:180,0
DA:181,0
DA:183,0
DA:196,0
DA:197,0
DA:198,0
DA:199,0
DA:200,0
DA:201,0
DA:202,0
DA:203,0
DA:204,0
DA:207,0
DA:208,0
DA:209,0
DA:210,0
DA:211,0
DA:212,0
DA:215,0
DA:216,0
DA:218,0
DA:224,0
DA:225,0
DA:226,0
DA:227,0
DA:230,0
DA:232,0
DA:233,0
DA:235,0
DA:248,0
DA:249,0
DA:250,0
DA:251,0
DA:252,0
DA:253,0
DA:254,0
DA:255,0
DA:256,0
DA:259,0
DA:260,0
DA:261,0
DA:262,0
DA:263,0
DA:264,0
DA:267,0
DA:268,0
DA:270,0
DA:276,0
DA:277,0
DA:278,0
DA:279,0
DA:282,0
DA:284,0
DA:285,0
DA:287,0
DA:300,0
DA:301,0
DA:302,0
DA:303,0
DA:304,0
DA:305,0
DA:306,0
DA:307,0
DA:308,0
DA:311,0
DA:312,0
DA:313,0
DA:314,0
DA:315,0
DA:316,0
DA:319,0
DA:320,0
DA:322,0
DA:328,0
DA:329,0
DA:330,0
DA:331,0
DA:334,0
DA:336,0
DA:337,0
DA:339,0
DA:354,0
DA:355,0
DA:356,0
DA:358,0
DA:360,0
LF:176
LH:0
end_of_record
SF:lib/src/presentation/screens/net_worth_report/net_worth_sub_grouping_dropdown.dart
DA:30,0
DA:35,0
DA:37,0
DA:38,0
DA:42,0
DA:44,0
DA:45,0
DA:46,0
DA:49,0
DA:50,0
DA:51,0
DA:53,0
DA:54,0
DA:56,0
DA:57,0
DA:58,0
DA:59,0
DA:60,0
DA:61,0
DA:62,0
DA:63,0
DA:64,0
DA:65,0
DA:66,0
DA:67,0
DA:68,0
DA:69,0
DA:70,0
DA:71,0
DA:75,0
DA:76,0
DA:77,0
DA:78,0
DA:81,0
DA:82,0
DA:84,0
DA:86,0
DA:88,0
DA:89,0
DA:90,0
DA:91,0
DA:92,0
DA:93,0
DA:94,0
DA:107,0
DA:108,0
DA:110,0
DA:111,0
DA:112,0
DA:114,0
DA:115,0
DA:116,0
DA:117,0
DA:118,0
DA:119,0
DA:120,0
DA:121,0
DA:122,0
DA:123,0
DA:124,0
DA:125,0
DA:126,0
DA:129,0
DA:130,0
DA:131,0
DA:132,0
DA:135,0
DA:136,0
DA:138,0
DA:140,0
DA:142,0
DA:143,0
DA:144,0
DA:145,0
DA:146,0
DA:147,0
DA:148,0
LF:77
LH:0
end_of_record
SF:lib/src/presentation/screens/net_worth_report/number_of_period_dropdown.dart
DA:28,0
DA:35,0
DA:37,0
DA:38,0
DA:43,0
DA:45,0
DA:48,0
DA:50,0
DA:51,0
DA:52,0
DA:53,0
DA:54,0
DA:55,0
DA:58,0
DA:63,0
DA:64,0
DA:66,0
DA:69,0
DA:70,0
DA:71,0
DA:72,0
DA:73,0
DA:74,0
DA:81,0
DA:82,0
DA:83,0
DA:92,0
DA:95,0
DA:96,0
DA:97,0
DA:98,0
DA:99,0
DA:100,0
DA:101,0
DA:102,0
DA:106,0
DA:123,0
DA:133,0
DA:135,0
DA:136,0
DA:141,0
DA:144,0
DA:145,0
DA:148,0
DA:150,0
DA:151,0
DA:152,0
DA:153,0
DA:154,0
DA:155,0
DA:156,0
DA:158,0
DA:159,0
DA:160,0
DA:161,0
DA:163,0
DA:164,0
DA:165,0
DA:166,0
DA:167,0
DA:172,0
DA:173,0
DA:175,0
DA:176,0
DA:177,0
DA:178,0
DA:179,0
DA:180,0
DA:181,0
DA:182,0
DA:183,0
DA:184,0
DA:186,0
DA:188,0
DA:189,0
DA:195,0
DA:196,0
DA:197,0
DA:198,0
DA:200,0
DA:201,0
DA:202,0
DA:203,0
DA:204,0
DA:205,0
DA:206,0
DA:209,0
DA:210,0
DA:212,0
DA:213,0
DA:214,0
DA:217,0
DA:218,0
DA:219,0
DA:220,0
DA:221,0
DA:222,0
DA:223,0
DA:224,0
DA:230,0
DA:231,0
DA:232,0
DA:233,0
DA:235,0
DA:236,0
LF:105
LH:0
end_of_record
SF:lib/src/presentation/screens/net_worth_report/sub_grouping_dropdown.dart
DA:33,0
DA:45,0
DA:47,0
DA:48,0
DA:53,0
DA:55,0
DA:58,0
DA:60,0
DA:61,0
DA:62,0
DA:64,0
DA:69,0
DA:70,0
DA:72,0
DA:75,0
DA:76,0
DA:77,0
DA:78,0
DA:79,0
DA:80,0
DA:87,0
DA:88,0
DA:89,0
DA:98,0
DA:99,0
DA:100,0
DA:101,0
DA:102,0
DA:103,0
DA:104,0
DA:105,0
DA:106,0
DA:107,0
DA:108,0
DA:109,0
DA:110,0
DA:111,0
DA:129,0
DA:140,0
DA:142,0
DA:143,0
DA:148,0
DA:150,0
DA:151,0
DA:154,0
DA:156,0
DA:157,0
DA:158,0
DA:159,0
DA:160,0
DA:161,0
DA:162,0
DA:163,0
DA:165,0
DA:166,0
DA:167,0
DA:168,0
DA:170,0
DA:171,0
DA:172,0
DA:173,0
DA:174,0
DA:179,0
DA:180,0
DA:182,0
DA:183,0
DA:184,0
DA:185,0
DA:186,0
DA:187,0
DA:188,0
DA:189,0
DA:190,0
DA:191,0
DA:194,0
DA:196,0
DA:197,0
DA:203,0
DA:204,0
DA:205,0
DA:206,0
DA:208,0
DA:209,0
DA:210,0
DA:211,0
DA:212,0
DA:213,0
DA:214,0
DA:215,0
DA:216,0
DA:218,0
DA:219,0
DA:222,0
DA:223,0
DA:226,0
DA:232,0
DA:233,0
DA:235,0
DA:236,0
DA:237,0
DA:240,0
DA:241,0
DA:242,0
DA:243,0
DA:244,0
DA:245,0
DA:246,0
DA:247,0
DA:253,0
DA:254,0
DA:255,0
DA:256,0
DA:258,0
DA:259,0
LF:114
LH:0
end_of_record
SF:lib/src/presentation/screens/notifications/notification_list.dart
DA:14,5
DA:16,0
DA:17,0
DA:21,0
DA:23,0
DA:24,0
DA:25,0
DA:26,0
DA:27,0
DA:28,0
DA:29,0
DA:32,0
DA:33,0
DA:34,0
DA:35,0
DA:41,0
DA:42,0
DA:43,0
DA:48,0
DA:49,0
DA:53,0
DA:54,0
DA:55,0
DA:56,0
DA:57,0
DA:59,0
DA:60,0
DA:61,0
DA:62,0
DA:63,0
DA:65,0
DA:69,0
DA:70,0
DA:71,0
DA:72,0
DA:73,0
DA:75,0
DA:76,0
DA:77,0
DA:78,0
DA:79,0
DA:81,0
DA:86,0
DA:87,0
DA:88,0
DA:90,0
DA:91,0
DA:92,0
DA:93,0
DA:94,0
DA:96,0
DA:97,0
DA:98,0
DA:99,0
DA:100,0
DA:102,0
DA:108,0
DA:110,0
DA:117,0
DA:118,0
DA:119,0
DA:120,0
DA:124,0
DA:128,0
DA:129,0
DA:130,0
DA:131,0
DA:132,0
DA:134,0
DA:135,0
DA:136,0
DA:137,0
DA:138,0
DA:140,0
DA:144,0
DA:145,0
DA:146,0
DA:147,0
DA:148,0
DA:150,0
DA:151,0
DA:152,0
DA:153,0
DA:154,0
DA:156,0
DA:161,0
DA:162,0
DA:163,0
DA:165,0
DA:166,0
DA:167,0
DA:168,0
DA:169,0
DA:171,0
DA:172,0
DA:173,0
DA:174,0
DA:175,0
DA:177,0
DA:183,0
DA:185,0
LF:101
LH:1
end_of_record
SF:lib/src/presentation/screens/notifications/notification_list_item.dart
DA:18,0
DA:21,0
DA:23,0
DA:25,0
DA:26,0
DA:27,0
DA:28,0
DA:29,0
DA:30,0
DA:32,0
DA:33,0
DA:37,0
DA:38,0
DA:40,0
LF:14
LH:0
end_of_record
SF:lib/src/presentation/screens/performance_report/performance_chart_label.dart
DA:13,5
DA:15,0
DA:17,0
DA:18,0
DA:19,0
DA:42,5
DA:47,0
DA:49,0
DA:51,0
DA:52,0
DA:53,0
DA:56,0
DA:57,0
DA:58,0
DA:59,0
DA:60,0
DA:61,0
DA:64,0
DA:65,0
DA:66,0
DA:67,0
DA:74,0
DA:75,0
DA:76,0
LF:24
LH:2
end_of_record
SF:lib/src/presentation/screens/performance_report/performance_chart_widget.dart
DA:32,5
DA:34,0
DA:35,0
DA:40,0
DA:42,0
DA:44,0
DA:45,0
DA:47,0
DA:48,0
DA:49,0
DA:54,0
DA:56,0
DA:57,0
DA:58,0
DA:59,0
DA:60,0
DA:61,0
DA:62,0
DA:63,0
DA:64,0
DA:65,0
DA:66,0
DA:67,0
DA:68,0
DA:69,0
DA:71,0
DA:72,0
DA:73,0
DA:74,0
DA:75,0
DA:77,0
DA:78,0
DA:80,0
DA:81,0
DA:85,0
DA:86,0
DA:87,0
DA:88,0
DA:90,0
DA:91,0
DA:92,0
DA:100,0
DA:101,0
DA:103,0
DA:104,0
DA:105,0
DA:106,0
DA:107,0
DA:109,0
DA:110,0
DA:114,0
DA:115,0
DA:116,0
DA:118,0
DA:119,0
DA:120,0
DA:130,0
DA:131,0
DA:133,0
DA:134,0
DA:137,0
DA:138,0
DA:139,0
DA:140,0
DA:141,0
DA:142,0
DA:143,0
DA:145,0
DA:146,0
DA:147,0
DA:149,0
DA:150,0
DA:151,0
DA:152,0
DA:153,0
DA:155,0
DA:156,0
DA:160,0
DA:162,0
DA:163,0
DA:164,0
DA:165,0
DA:166,0
DA:171,0
DA:172,0
DA:173,0
DA:174,0
DA:176,0
DA:178,0
DA:179,0
DA:181,0
DA:182,0
DA:183,0
DA:184,0
DA:185,0
DA:186,0
DA:193,0
DA:195,0
DA:196,0
DA:197,0
DA:198,0
DA:199,0
DA:200,0
DA:210,0
DA:215,0
DA:216,0
DA:218,0
DA:219,0
DA:220,0
DA:221,0
DA:222,0
DA:223,0
DA:224,0
DA:225,0
DA:229,0
DA:231,0
DA:232,0
DA:233,0
DA:234,0
DA:235,0
DA:238,0
DA:239,0
DA:240,0
DA:241,0
DA:243,0
DA:245,0
DA:246,0
DA:248,0
DA:249,0
DA:250,0
DA:251,0
DA:252,0
DA:253,0
DA:254,0
DA:255,0
DA:260,0
DA:261,0
DA:262,0
DA:263,0
DA:264,0
DA:265,0
DA:274,0
DA:470,0
DA:472,0
DA:473,0
DA:474,0
DA:476,0
DA:478,0
DA:489,0
DA:490,0
DA:491,0
DA:492,0
DA:493,0
DA:495,0
DA:496,0
DA:497,0
DA:504,0
DA:505,0
DA:506,0
DA:507,0
DA:508,0
DA:509,0
DA:510,0
DA:512,0
DA:513,0
DA:514,0
DA:519,0
DA:520,0
DA:522,0
DA:524,0
DA:527,0
DA:540,0
DA:542,0
DA:544,0
DA:545,0
DA:547,0
DA:550,0
DA:553,0
DA:555,0
DA:557,0
DA:558,0
DA:560,0
DA:563,0
DA:566,0
DA:568,0
DA:570,0
DA:571,0
DA:572,0
DA:574,0
LF:189
LH:1
end_of_record
SF:lib/src/presentation/screens/performance_report/performance_filter_widget.dart
DA:22,0
DA:27,0
DA:29,0
DA:30,0
DA:34,0
DA:36,0
DA:37,0
DA:38,0
DA:41,0
DA:42,0
DA:43,0
DA:45,0
DA:46,0
DA:47,0
DA:49,0
DA:50,0
DA:51,0
DA:52,0
DA:53,0
DA:54,0
DA:55,0
DA:56,0
DA:57,0
DA:58,0
DA:59,0
DA:60,0
DA:61,0
DA:65,0
DA:66,0
DA:67,0
DA:68,0
DA:70,0
DA:71,0
DA:72,0
DA:74,0
DA:76,0
DA:78,0
DA:79,0
DA:80,0
DA:81,0
DA:82,0
DA:83,0
DA:84,0
DA:97,0
DA:98,0
DA:99,0
DA:100,0
DA:101,0
DA:102,0
DA:103,0
DA:104,0
DA:105,0
DA:106,0
DA:110,0
DA:111,0
DA:112,0
DA:113,0
DA:115,0
DA:116,0
DA:117,0
DA:119,0
DA:121,0
DA:123,0
DA:124,0
DA:125,0
DA:126,0
DA:127,0
DA:128,0
DA:129,0
LF:69
LH:0
end_of_record
SF:lib/src/presentation/screens/performance_report/performance_sort_by_filter.dart
DA:29,0
DA:39,0
DA:41,0
DA:42,0
DA:47,0
DA:49,0
DA:52,0
DA:54,0
DA:55,0
DA:56,0
DA:58,0
DA:63,0
DA:64,0
DA:66,0
DA:69,0
DA:70,0
DA:71,0
DA:72,0
DA:73,0
DA:74,0
DA:75,0
DA:76,0
DA:85,0
DA:86,0
DA:87,0
DA:96,0
DA:97,0
DA:98,0
DA:99,0
DA:100,0
DA:101,0
DA:102,0
DA:103,0
DA:104,0
DA:105,0
DA:106,0
DA:107,0
DA:123,0
DA:132,0
DA:134,0
DA:135,0
DA:140,0
DA:142,0
DA:143,0
DA:146,0
DA:148,0
DA:149,0
DA:150,0
DA:151,0
DA:152,0
DA:153,0
DA:154,0
DA:156,0
DA:157,0
DA:158,0
DA:159,0
DA:161,0
DA:162,0
DA:163,0
DA:164,0
DA:165,0
DA:170,0
DA:171,0
DA:173,0
DA:174,0
DA:175,0
DA:176,0
DA:177,0
DA:178,0
DA:179,0
DA:180,0
DA:181,0
DA:183,0
DA:185,0
DA:186,0
DA:192,0
DA:193,0
DA:194,0
DA:195,0
DA:197,0
DA:198,0
DA:199,0
DA:200,0
DA:201,0
DA:202,0
DA:203,0
DA:206,0
DA:207,0
DA:209,0
DA:210,0
DA:211,0
DA:214,0
DA:215,0
DA:216,0
DA:217,0
DA:218,0
DA:219,0
DA:220,0
DA:221,0
DA:227,0
DA:228,0
DA:229,0
DA:230,0
DA:232,0
DA:233,0
LF:105
LH:0
end_of_record
SF:lib/src/presentation/screens/performance_report/performance_top_item_filter.dart
DA:26,0
DA:33,0
DA:35,0
DA:36,0
DA:41,0
DA:43,0
DA:46,0
DA:48,0
DA:49,0
DA:50,0
DA:52,0
DA:57,0
DA:58,0
DA:60,0
DA:63,0
DA:64,0
DA:65,0
DA:66,0
DA:67,0
DA:68,0
DA:69,0
DA:70,0
DA:79,0
DA:80,0
DA:81,0
DA:90,0
DA:91,0
DA:92,0
DA:93,0
DA:94,0
DA:95,0
DA:96,0
DA:97,0
DA:98,0
DA:99,0
DA:113,0
DA:120,0
DA:122,0
DA:123,0
DA:128,0
DA:130,0
DA:131,0
DA:134,0
DA:136,0
DA:137,0
DA:138,0
DA:139,0
DA:140,0
DA:141,0
DA:142,0
DA:144,0
DA:145,0
DA:146,0
DA:147,0
DA:149,0
DA:150,0
DA:151,0
DA:152,0
DA:153,0
DA:158,0
DA:159,0
DA:161,0
DA:162,0
DA:163,0
DA:171,0
DA:173,0
DA:174,0
DA:180,0
DA:181,0
DA:182,0
DA:183,0
DA:185,0
DA:186,0
DA:187,0
DA:188,0
DA:189,0
DA:190,0
DA:191,0
DA:194,0
DA:195,0
DA:197,0
DA:198,0
DA:199,0
DA:202,0
DA:203,0
DA:204,0
DA:205,0
DA:206,0
DA:207,0
DA:208,0
DA:209,0
DA:215,0
DA:216,0
DA:217,0
DA:218,0
DA:220,0
DA:221,0
LF:97
LH:0
end_of_record
SF:lib/src/presentation/screens/performance_report/performance_grouping_item.dart
DA:27,0
DA:35,0
DA:37,0
DA:39,0
DA:40,0
DA:41,0
DA:42,0
DA:43,0
DA:47,0
DA:48,0
DA:49,0
DA:50,0
DA:51,0
DA:52,0
DA:54,0
DA:55,0
DA:56,0
DA:57,0
DA:58,0
DA:62,0
DA:63,0
DA:64,0
DA:65,0
DA:66,0
DA:67,0
DA:70,0
DA:71,0
DA:72,0
DA:73,0
DA:83,0
DA:84,0
DA:85,0
DA:86,0
DA:87,0
DA:88,0
DA:89,0
DA:90,0
DA:91,0
DA:92,0
DA:96,0
DA:97,0
DA:98,0
DA:99,0
DA:104,0
DA:105,0
DA:106,0
DA:119,0
DA:123,0
DA:126,0
DA:129,0
DA:132,0
DA:135,0
LF:52
LH:0
end_of_record
SF:lib/src/presentation/screens/performance_report/performance_grouping_list.dart
DA:26,0
DA:31,0
DA:33,0
DA:34,0
DA:39,0
DA:41,0
DA:44,0
DA:46,0
DA:47,0
DA:48,0
DA:50,0
DA:51,0
DA:52,0
DA:53,0
DA:54,0
DA:55,0
DA:56,0
DA:61,0
DA:62,0
DA:63,0
DA:64,0
DA:65,0
DA:66,0
DA:67,0
DA:68,0
DA:69,0
DA:71,0
DA:72,0
DA:73,0
DA:74,0
DA:77,0
DA:78,0
DA:79,0
DA:80,0
DA:82,0
DA:83,0
DA:84,0
DA:88,0
DA:89,0
DA:90,0
DA:91,0
DA:92,0
DA:93,0
DA:94,0
DA:95,0
DA:96,0
DA:99,0
DA:100,0
DA:102,0
DA:108,0
DA:109,0
DA:110,0
DA:111,0
DA:112,0
DA:115,0
DA:116,0
DA:118,0
DA:124,0
DA:125,0
DA:126,0
DA:127,0
DA:128,0
DA:131,0
DA:132,0
DA:134,0
DA:142,0
DA:143,0
DA:144,0
DA:145,0
DA:146,0
DA:147,0
DA:148,0
DA:149,0
DA:150,0
DA:151,0
DA:152,0
DA:155,0
DA:156,0
DA:157,0
DA:158,0
DA:159,0
DA:160,0
DA:163,0
DA:164,0
DA:166,0
DA:172,0
DA:173,0
DA:174,0
DA:175,0
DA:178,0
DA:180,0
DA:181,0
DA:183,0
DA:196,0
DA:197,0
DA:198,0
DA:199,0
DA:200,0
DA:201,0
DA:202,0
DA:203,0
DA:204,0
DA:207,0
DA:208,0
DA:209,0
DA:210,0
DA:211,0
DA:212,0
DA:215,0
DA:216,0
DA:218,0
DA:224,0
DA:225,0
DA:226,0
DA:227,0
DA:230,0
DA:232,0
DA:233,0
DA:235,0
DA:248,0
DA:249,0
DA:250,0
DA:251,0
DA:252,0
DA:253,0
DA:254,0
DA:255,0
DA:256,0
DA:259,0
DA:260,0
DA:261,0
DA:262,0
DA:263,0
DA:264,0
DA:267,0
DA:268,0
DA:270,0
DA:276,0
DA:277,0
DA:278,0
DA:279,0
DA:282,0
DA:284,0
DA:285,0
DA:287,0
DA:300,0
DA:301,0
DA:302,0
DA:303,0
DA:304,0
DA:305,0
DA:306,0
DA:307,0
DA:308,0
DA:311,0
DA:312,0
DA:313,0
DA:314,0
DA:315,0
DA:316,0
DA:319,0
DA:320,0
DA:322,0
DA:328,0
DA:329,0
DA:330,0
DA:331,0
DA:334,0
DA:336,0
DA:337,0
DA:339,0
DA:354,0
DA:355,0
DA:356,0
DA:358,0
DA:360,0
LF:176
LH:0
end_of_record
SF:lib/src/presentation/screens/reset_password/password_input_field.dart
DA:19,0
DA:29,0
DA:31,0
DA:32,0
DA:38,0
DA:40,0
DA:41,0
DA:42,0
DA:44,0
DA:45,0
DA:46,0
DA:47,0
DA:48,0
DA:49,0
DA:50,0
DA:51,0
DA:52,0
DA:53,0
DA:78,0
DA:79,0
DA:80,0
DA:82,0
DA:83,0
DA:84,0
DA:85,0
DA:88,0
DA:89,0
DA:94,0
LF:28
LH:0
end_of_record
SF:lib/src/presentation/screens/user_profile/PreferenceList.dart
DA:19,0
DA:21,0
DA:22,0
DA:32,0
DA:34,0
DA:35,0
DA:36,0
DA:37,0
DA:38,0
DA:39,0
DA:41,0
DA:42,0
DA:43,0
DA:44,0
DA:51,0
DA:53,0
DA:54,0
DA:55,0
DA:57,0
DA:58,0
DA:61,0
DA:63,0
DA:64,0
DA:67,0
DA:69,0
DA:70,0
DA:73,0
DA:75,0
DA:76,0
DA:79,0
DA:81,0
DA:84,0
DA:85,0
DA:86,0
DA:87,0
DA:88,0
DA:89,0
DA:91,0
DA:92,0
DA:93,0
DA:95,0
DA:96,0
DA:97,0
DA:105,0
DA:109,0
DA:111,0
DA:114,0
DA:115,0
DA:116,0
DA:117,0
DA:118,0
DA:119,0
DA:121,0
DA:122,0
DA:123,0
DA:125,0
DA:126,0
DA:127,0
DA:128,0
DA:129,0
DA:138,0
LF:61
LH:0
end_of_record
SF:lib/src/presentation/screens/user_profile/preference_list_item.dart
DA:17,0
DA:23,0
DA:25,0
DA:27,0
DA:28,0
DA:29,0
DA:30,0
DA:31,0
DA:32,0
DA:33,0
DA:34,0
DA:35,0
DA:36,0
DA:37,0
DA:38,0
DA:41,0
DA:42,0
DA:43,0
DA:44,0
LF:19
LH:0
end_of_record
SF:lib/src/presentation/screens/user_profile/privacy_policy/privacy_policy_list.dart
DA:8,0
DA:10,0
DA:12,0
LF:3
LH:0
end_of_record
SF:lib/src/presentation/screens/user_profile/privacy_policy/privacy_policy_list_item.dart
DA:10,5
DA:14,0
DA:16,0
DA:18,0
DA:19,0
DA:20,0
DA:22,0
DA:23,0
DA:24,0
DA:25,0
DA:26,0
DA:29,0
DA:30,0
DA:31,0
DA:32,0
LF:15
LH:1
end_of_record
SF:lib/src/presentation/screens/user_profile/privacy_policy/privacy_policy_webview.dart
DA:9,5
DA:11,0
DA:12,0
DA:18,0
DA:20,0
DA:21,0
DA:22,0
DA:23,0
DA:24,0
DA:25,0
DA:26,0
DA:29,0
DA:30,0
DA:31,0
DA:34,0
DA:35,0
DA:36,0
DA:39,0
DA:40,0
DA:41,0
DA:48,0
DA:51,0
DA:53,0
LF:23
LH:1
end_of_record
SF:lib/src/presentation/screens/user_profile/profile_widget.dart
DA:17,0
DA:19,0
DA:21,0
DA:23,0
DA:24,0
DA:25,0
DA:26,0
DA:27,0
DA:33,0
DA:36,0
DA:37,0
DA:38,0
DA:39,0
DA:40,0
DA:41,0
DA:48,0
DA:49,0
LF:17
LH:0
end_of_record
SF:lib/src/presentation/screens/user_profile/terms_and_condition/terms_and_conditions_webview.dart
DA:9,5
DA:11,0
DA:12,0
DA:18,0
DA:20,0
DA:21,0
DA:22,0
DA:23,0
DA:24,0
DA:25,0
DA:26,0
DA:29,0
DA:30,0
DA:31,0
DA:34,0
DA:35,0
DA:36,0
DA:39,0
DA:40,0
DA:41,0
DA:48,0
DA:51,0
DA:53,0
LF:23
LH:1
end_of_record
SF:lib/src/presentation/screens/user_profile/terms_and_condition/tnc_list.dart
DA:7,0
DA:9,0
DA:11,0
LF:3
LH:0
end_of_record
SF:lib/src/presentation/screens/user_profile/terms_and_condition/tnc_list_item.dart
DA:10,5
DA:14,0
DA:16,0
DA:18,0
DA:19,0
DA:20,0
DA:22,0
DA:23,0
DA:24,0
DA:25,0
DA:26,0
DA:29,0
DA:30,0
DA:31,0
DA:32,0
LF:15
LH:1
end_of_record
SF:lib/src/data/models/authentication/login_model.dart
DA:5,2
DA:15,1
DA:36,2
DA:37,1
DA:38,1
DA:40,1
DA:41,1
DA:42,1
DA:43,1
DA:44,1
DA:45,1
DA:48,2
DA:49,1
DA:50,1
DA:52,1
DA:53,1
DA:54,1
DA:55,1
DA:56,1
DA:57,1
LF:20
LH:20
end_of_record
